{"/home/travis/build/npmtest/node-npmtest-express-brute/test.js":{"path":"/home/travis/build/npmtest/node-npmtest-express-brute/test.js","s":{"1":2,"2":2,"3":2,"4":2,"5":2,"6":2,"7":2,"8":1,"9":2,"10":2,"11":1,"12":1,"13":1,"14":1,"15":2,"16":2,"17":2,"18":2,"19":1,"20":1,"21":2,"22":2,"23":2,"24":1,"25":1,"26":1,"27":1,"28":1,"29":1,"30":1,"31":1,"32":1,"33":1,"34":1,"35":1,"36":1,"37":2,"38":2,"39":1,"40":2,"41":2,"42":1,"43":2,"44":2,"45":1,"46":2,"47":2,"48":1,"49":1,"50":1,"51":1,"52":1},"b":{"1":[2,1,1,1],"2":[1,1,1,1],"3":[1,1],"4":[1,1],"5":[1,1],"6":[1,1],"7":[1,1],"8":[1,1],"9":[1,1,1],"10":[1,1],"11":[1,1],"12":[1,1],"13":[1,1],"14":[1,1],"15":[1,1],"16":[1,1]},"f":{"1":2,"2":2,"3":2,"4":2,"5":2,"6":1,"7":1,"8":2,"9":2,"10":2,"11":2,"12":1},"fnMap":{"1":{"name":"(anonymous_1)","line":12,"loc":{"start":{"line":12,"column":1},"end":{"line":12,"column":13}}},"2":{"name":"(anonymous_2)","line":19,"loc":{"start":{"line":19,"column":5},"end":{"line":19,"column":17}}},"3":{"name":"(anonymous_3)","line":23,"loc":{"start":{"line":23,"column":24},"end":{"line":23,"column":36}}},"4":{"name":"(anonymous_4)","line":61,"loc":{"start":{"line":61,"column":5},"end":{"line":61,"column":17}}},"5":{"name":"(anonymous_5)","line":82,"loc":{"start":{"line":82,"column":5},"end":{"line":82,"column":17}}},"6":{"name":"(anonymous_6)","line":102,"loc":{"start":{"line":102,"column":83},"end":{"line":105,"column":10}},"skip":true},"7":{"name":"(anonymous_7)","line":113,"loc":{"start":{"line":113,"column":77},"end":{"line":116,"column":10}},"skip":true},"8":{"name":"(anonymous_8)","line":129,"loc":{"start":{"line":129,"column":12},"end":{"line":129,"column":40}},"skip":true},"9":{"name":"(anonymous_9)","line":137,"loc":{"start":{"line":137,"column":77},"end":{"line":140,"column":10}},"skip":true},"10":{"name":"(anonymous_10)","line":148,"loc":{"start":{"line":148,"column":83},"end":{"line":151,"column":10}},"skip":true},"11":{"name":"(anonymous_11)","line":159,"loc":{"start":{"line":159,"column":79},"end":{"line":162,"column":10}},"skip":true},"12":{"name":"(anonymous_12)","line":170,"loc":{"start":{"line":170,"column":75},"end":{"line":173,"column":10}},"skip":true}},"statementMap":{"1":{"start":{"line":12,"column":0},"end":{"line":185,"column":5}},"2":{"start":{"line":14,"column":4},"end":{"line":14,"column":14}},"3":{"start":{"line":19,"column":4},"end":{"line":56,"column":9}},"4":{"start":{"line":21,"column":8},"end":{"line":21,"column":19}},"5":{"start":{"line":23,"column":8},"end":{"line":35,"column":13}},"6":{"start":{"line":24,"column":12},"end":{"line":34,"column":13}},"7":{"start":{"line":25,"column":16},"end":{"line":28,"column":30}},"8":{"start":{"line":30,"column":16},"end":{"line":33,"column":27}},"9":{"start":{"line":37,"column":8},"end":{"line":39,"column":21}},"10":{"start":{"line":40,"column":8},"end":{"line":53,"column":9}},"11":{"start":{"line":43,"column":12},"end":{"line":46,"column":14}},"12":{"start":{"line":47,"column":12},"end":{"line":47,"column":18}},"13":{"start":{"line":50,"column":12},"end":{"line":51,"column":46}},"14":{"start":{"line":52,"column":12},"end":{"line":52,"column":18}},"15":{"start":{"line":55,"column":8},"end":{"line":55,"column":35}},"16":{"start":{"line":61,"column":4},"end":{"line":63,"column":9}},"17":{"start":{"line":62,"column":8},"end":{"line":62,"column":15}},"18":{"start":{"line":64,"column":4},"end":{"line":77,"column":5}},"19":{"start":{"line":70,"column":8},"end":{"line":70,"column":14}},"20":{"start":{"line":76,"column":8},"end":{"line":76,"column":14}},"21":{"start":{"line":82,"column":4},"end":{"line":84,"column":9}},"22":{"start":{"line":83,"column":8},"end":{"line":83,"column":15}},"23":{"start":{"line":85,"column":4},"end":{"line":184,"column":5}},"24":{"start":{"line":92,"column":8},"end":{"line":94,"column":63}},"25":{"start":{"line":95,"column":8},"end":{"line":95,"column":14}},"26":{"start":{"line":102,"column":8},"end":{"line":111,"column":10},"skip":true},"27":{"start":{"line":109,"column":12},"end":{"line":109,"column":55},"skip":true},"28":{"start":{"line":110,"column":12},"end":{"line":110,"column":48},"skip":true},"29":{"start":{"line":113,"column":8},"end":{"line":126,"column":10},"skip":true},"30":{"start":{"line":120,"column":12},"end":{"line":120,"column":76},"skip":true},"31":{"start":{"line":121,"column":12},"end":{"line":121,"column":73},"skip":true},"32":{"start":{"line":122,"column":12},"end":{"line":122,"column":74},"skip":true},"33":{"start":{"line":123,"column":12},"end":{"line":123,"column":79},"skip":true},"34":{"start":{"line":124,"column":12},"end":{"line":124,"column":25},"skip":true},"35":{"start":{"line":125,"column":12},"end":{"line":125,"column":45},"skip":true},"36":{"start":{"line":128,"column":8},"end":{"line":135,"column":14},"skip":true},"37":{"start":{"line":133,"column":16},"end":{"line":133,"column":29},"skip":true},"38":{"start":{"line":134,"column":16},"end":{"line":134,"column":55},"skip":true},"39":{"start":{"line":137,"column":8},"end":{"line":146,"column":10},"skip":true},"40":{"start":{"line":144,"column":12},"end":{"line":144,"column":25},"skip":true},"41":{"start":{"line":145,"column":12},"end":{"line":145,"column":45},"skip":true},"42":{"start":{"line":148,"column":8},"end":{"line":157,"column":10},"skip":true},"43":{"start":{"line":155,"column":12},"end":{"line":155,"column":25},"skip":true},"44":{"start":{"line":156,"column":12},"end":{"line":156,"column":48},"skip":true},"45":{"start":{"line":159,"column":8},"end":{"line":168,"column":10},"skip":true},"46":{"start":{"line":166,"column":12},"end":{"line":166,"column":25},"skip":true},"47":{"start":{"line":167,"column":12},"end":{"line":167,"column":46},"skip":true},"48":{"start":{"line":170,"column":8},"end":{"line":179,"column":10},"skip":true},"49":{"start":{"line":177,"column":12},"end":{"line":177,"column":94},"skip":true},"50":{"start":{"line":178,"column":12},"end":{"line":178,"column":48},"skip":true},"51":{"start":{"line":182,"column":8},"end":{"line":182,"column":35},"skip":true},"52":{"start":{"line":183,"column":8},"end":{"line":183,"column":14},"skip":true}},"branchMap":{"1":{"line":25,"type":"binary-expr","locations":[{"start":{"line":25,"column":23},"end":{"line":25,"column":62}},{"start":{"line":26,"column":20},"end":{"line":26,"column":70}},{"start":{"line":27,"column":20},"end":{"line":27,"column":71}},{"start":{"line":28,"column":20},"end":{"line":28,"column":29}}]},"2":{"line":30,"type":"binary-expr","locations":[{"start":{"line":30,"column":23},"end":{"line":30,"column":37}},{"start":{"line":31,"column":20},"end":{"line":31,"column":61}},{"start":{"line":32,"column":20},"end":{"line":32,"column":70}},{"start":{"line":33,"column":20},"end":{"line":33,"column":26}}]},"3":{"line":37,"type":"cond-expr","locations":[{"start":{"line":38,"column":14},"end":{"line":38,"column":20}},{"start":{"line":39,"column":14},"end":{"line":39,"column":20}}]},"4":{"line":40,"type":"switch","locations":[{"start":{"line":42,"column":8},"end":{"line":47,"column":18}},{"start":{"line":49,"column":8},"end":{"line":52,"column":18}}]},"5":{"line":44,"type":"binary-expr","locations":[{"start":{"line":44,"column":16},"end":{"line":44,"column":44}},{"start":{"line":44,"column":48},"end":{"line":44,"column":66}}]},"6":{"line":50,"type":"binary-expr","locations":[{"start":{"line":50,"column":21},"end":{"line":50,"column":49}},{"start":{"line":50,"column":53},"end":{"line":50,"column":72}}]},"7":{"line":64,"type":"switch","locations":[{"start":{"line":69,"column":4},"end":{"line":70,"column":14}},{"start":{"line":75,"column":4},"end":{"line":76,"column":14}}]},"8":{"line":85,"type":"switch","locations":[{"start":{"line":90,"column":4},"end":{"line":95,"column":14}},{"start":{"line":101,"column":4},"end":{"line":183,"column":14},"skip":true}]},"9":{"line":92,"type":"binary-expr","locations":[{"start":{"line":92,"column":18},"end":{"line":92,"column":32}},{"start":{"line":93,"column":12},"end":{"line":93,"column":53}},{"start":{"line":94,"column":12},"end":{"line":94,"column":61}}]},"10":{"line":102,"type":"binary-expr","locations":[{"start":{"line":102,"column":45},"end":{"line":102,"column":79},"skip":true},{"start":{"line":102,"column":83},"end":{"line":111,"column":9},"skip":true}]},"11":{"line":113,"type":"binary-expr","locations":[{"start":{"line":113,"column":42},"end":{"line":113,"column":73},"skip":true},{"start":{"line":113,"column":77},"end":{"line":126,"column":9},"skip":true}]},"12":{"line":128,"type":"binary-expr","locations":[{"start":{"line":128,"column":48},"end":{"line":128,"column":85},"skip":true},{"start":{"line":129,"column":12},"end":{"line":135,"column":13},"skip":true}]},"13":{"line":137,"type":"binary-expr","locations":[{"start":{"line":137,"column":42},"end":{"line":137,"column":73},"skip":true},{"start":{"line":137,"column":77},"end":{"line":146,"column":9},"skip":true}]},"14":{"line":148,"type":"binary-expr","locations":[{"start":{"line":148,"column":45},"end":{"line":148,"column":79},"skip":true},{"start":{"line":148,"column":83},"end":{"line":157,"column":9},"skip":true}]},"15":{"line":159,"type":"binary-expr","locations":[{"start":{"line":159,"column":43},"end":{"line":159,"column":75},"skip":true},{"start":{"line":159,"column":79},"end":{"line":168,"column":9},"skip":true}]},"16":{"line":170,"type":"binary-expr","locations":[{"start":{"line":170,"column":41},"end":{"line":170,"column":71},"skip":true},{"start":{"line":170,"column":75},"end":{"line":179,"column":9},"skip":true}]}},"code":["/* istanbul instrument in package npmtest_express_brute */","/*jslint","    bitwise: true,","    browser: true,","    maxerr: 8,","    maxlen: 96,","    node: true,","    nomen: true,","    regexp: true,","    stupid: true","*/","(function () {","    'use strict';","    var local;","","","","    // run shared js-env code - pre-init","    (function () {","        // init local","        local = {};","        // init modeJs","        local.modeJs = (function () {","            try {","                return typeof navigator.userAgent === 'string' &&","                    typeof document.querySelector('body') === 'object' &&","                    typeof XMLHttpRequest.prototype.open === 'function' &&","                    'browser';","            } catch (errorCaughtBrowser) {","                return module.exports &&","                    typeof process.versions.node === 'string' &&","                    typeof require('http').createServer === 'function' &&","                    'node';","            }","        }());","        // init global","        local.global = local.modeJs === 'browser'","            ? window","            : global;","        switch (local.modeJs) {","        // re-init local from window.local","        case 'browser':","            local = local.global.utility2.objectSetDefault(","                local.global.utility2_rollup || local.global.local,","                local.global.utility2","            );","            break;","        // re-init local from example.js","        case 'node':","            local = (local.global.utility2_rollup || require('utility2'))","                .requireExampleJsFromReadme();","            break;","        }","        // export local","        local.global.local = local;","    }());","","","","    // run shared js-env code - function","    (function () {","        return;","    }());","    switch (local.modeJs) {","","","","    // run browser js-env code - function","    case 'browser':","        break;","","","","    // run node js-env code - function","    case 'node':","        break;","    }","","","","    // run shared js-env code - post-init","    (function () {","        return;","    }());","    switch (local.modeJs) {","","","","    // run browser js-env code - post-init","    case 'browser':","        // run tests","        local.nop(local.modeTest &&","            document.querySelector('#testRunButton1') &&","            document.querySelector('#testRunButton1').click());","        break;","","","","    // run node js-env code - post-init","    /* istanbul ignore next */","    case 'node':","        local.testCase_buildApidoc_default = local.testCase_buildApidoc_default || function (","            options,","            onError","        ) {","        /*","         * this function will test buildApidoc's default handling-behavior-behavior","         */","            options = { modulePathList: module.paths };","            local.buildApidoc(options, onError);","        };","","        local.testCase_buildApp_default = local.testCase_buildApp_default || function (","            options,","            onError","        ) {","        /*","         * this function will test buildApp's default handling-behavior-behavior","         */","            local.testCase_buildReadme_default(options, local.onErrorThrow);","            local.testCase_buildLib_default(options, local.onErrorThrow);","            local.testCase_buildTest_default(options, local.onErrorThrow);","            local.testCase_buildCustomOrg_default(options, local.onErrorThrow);","            options = [];","            local.buildApp(options, onError);","        };","","        local.testCase_buildCustomOrg_default = local.testCase_buildCustomOrg_default ||","            function (options, onError) {","            /*","             * this function will test buildCustomOrg's default handling-behavior","             */","                options = {};","                local.buildCustomOrg(options, onError);","            };","","        local.testCase_buildLib_default = local.testCase_buildLib_default || function (","            options,","            onError","        ) {","        /*","         * this function will test buildLib's default handling-behavior","         */","            options = {};","            local.buildLib(options, onError);","        };","","        local.testCase_buildReadme_default = local.testCase_buildReadme_default || function (","            options,","            onError","        ) {","        /*","         * this function will test buildReadme's default handling-behavior-behavior","         */","            options = {};","            local.buildReadme(options, onError);","        };","","        local.testCase_buildTest_default = local.testCase_buildTest_default || function (","            options,","            onError","        ) {","        /*","         * this function will test buildTest's default handling-behavior","         */","            options = {};","            local.buildTest(options, onError);","        };","","        local.testCase_webpage_default = local.testCase_webpage_default || function (","            options,","            onError","        ) {","        /*","         * this function will test webpage's default handling-behavior","         */","            options = { modeCoverageMerge: true, url: local.serverLocalHost + '?modeTest=1' };","            local.browserTest(options, onError);","        };","","        // run test-server","        local.testRunServer(local);","        break;","    }","}());",""],"l":{"12":2,"14":2,"19":2,"21":2,"23":2,"24":2,"25":2,"30":1,"37":2,"40":2,"43":1,"47":1,"50":1,"52":1,"55":2,"61":2,"62":2,"64":2,"70":1,"76":1,"82":2,"83":2,"85":2,"92":1,"95":1,"102":1,"109":1,"110":1,"113":1,"120":1,"121":1,"122":1,"123":1,"124":1,"125":1,"128":1,"133":2,"134":2,"137":1,"144":2,"145":2,"148":1,"155":2,"156":2,"159":1,"166":2,"167":2,"170":1,"177":1,"178":1,"182":1,"183":1}},"/home/travis/build/npmtest/node-npmtest-express-brute/lib.npmtest_express_brute.js":{"path":"/home/travis/build/npmtest/node-npmtest-express-brute/lib.npmtest_express_brute.js","s":{"1":2,"2":2,"3":2,"4":2,"5":2,"6":2,"7":2,"8":1,"9":2,"10":2,"11":2,"12":2,"13":1,"14":1,"15":1,"16":1},"b":{"1":[2,1,1,1],"2":[1,1,1,1],"3":[1,1],"4":[2,2],"5":[1,1]},"f":{"1":2,"2":2,"3":2},"fnMap":{"1":{"name":"(anonymous_1)","line":12,"loc":{"start":{"line":12,"column":1},"end":{"line":12,"column":13}}},"2":{"name":"(anonymous_2)","line":19,"loc":{"start":{"line":19,"column":5},"end":{"line":19,"column":17}}},"3":{"name":"(anonymous_3)","line":23,"loc":{"start":{"line":23,"column":24},"end":{"line":23,"column":36}}}},"statementMap":{"1":{"start":{"line":12,"column":0},"end":{"line":53,"column":5}},"2":{"start":{"line":14,"column":4},"end":{"line":14,"column":14}},"3":{"start":{"line":19,"column":4},"end":{"line":52,"column":9}},"4":{"start":{"line":21,"column":8},"end":{"line":21,"column":19}},"5":{"start":{"line":23,"column":8},"end":{"line":35,"column":13}},"6":{"start":{"line":24,"column":12},"end":{"line":34,"column":13}},"7":{"start":{"line":25,"column":16},"end":{"line":28,"column":30}},"8":{"start":{"line":30,"column":16},"end":{"line":33,"column":27}},"9":{"start":{"line":37,"column":8},"end":{"line":39,"column":21}},"10":{"start":{"line":41,"column":8},"end":{"line":41,"column":54}},"11":{"start":{"line":43,"column":8},"end":{"line":43,"column":58}},"12":{"start":{"line":45,"column":8},"end":{"line":51,"column":9}},"13":{"start":{"line":46,"column":12},"end":{"line":46,"column":64}},"14":{"start":{"line":48,"column":12},"end":{"line":48,"column":35}},"15":{"start":{"line":49,"column":12},"end":{"line":49,"column":49}},"16":{"start":{"line":50,"column":12},"end":{"line":50,"column":43}}},"branchMap":{"1":{"line":25,"type":"binary-expr","locations":[{"start":{"line":25,"column":23},"end":{"line":25,"column":62}},{"start":{"line":26,"column":20},"end":{"line":26,"column":70}},{"start":{"line":27,"column":20},"end":{"line":27,"column":71}},{"start":{"line":28,"column":20},"end":{"line":28,"column":29}}]},"2":{"line":30,"type":"binary-expr","locations":[{"start":{"line":30,"column":23},"end":{"line":30,"column":37}},{"start":{"line":31,"column":20},"end":{"line":31,"column":61}},{"start":{"line":32,"column":20},"end":{"line":32,"column":70}},{"start":{"line":33,"column":20},"end":{"line":33,"column":26}}]},"3":{"line":37,"type":"cond-expr","locations":[{"start":{"line":38,"column":14},"end":{"line":38,"column":20}},{"start":{"line":39,"column":14},"end":{"line":39,"column":20}}]},"4":{"line":41,"type":"binary-expr","locations":[{"start":{"line":41,"column":16},"end":{"line":41,"column":44}},{"start":{"line":41,"column":48},"end":{"line":41,"column":53}}]},"5":{"line":45,"type":"if","locations":[{"start":{"line":45,"column":8},"end":{"line":45,"column":8}},{"start":{"line":45,"column":8},"end":{"line":45,"column":8}}]}},"code":["/* istanbul instrument in package npmtest_express_brute */","/*jslint","    bitwise: true,","    browser: true,","    maxerr: 8,","    maxlen: 96,","    node: true,","    nomen: true,","    regexp: true,","    stupid: true","*/","(function () {","    'use strict';","    var local;","","","","    // run shared js-env code - pre-init","    (function () {","        // init local","        local = {};","        // init modeJs","        local.modeJs = (function () {","            try {","                return typeof navigator.userAgent === 'string' &&","                    typeof document.querySelector('body') === 'object' &&","                    typeof XMLHttpRequest.prototype.open === 'function' &&","                    'browser';","            } catch (errorCaughtBrowser) {","                return module.exports &&","                    typeof process.versions.node === 'string' &&","                    typeof require('http').createServer === 'function' &&","                    'node';","            }","        }());","        // init global","        local.global = local.modeJs === 'browser'","            ? window","            : global;","        // init utility2_rollup","        local = local.global.utility2_rollup || local;","        // init lib","        local.local = local.npmtest_express_brute = local;","        // init exports","        if (local.modeJs === 'browser') {","            local.global.utility2_npmtest_express_brute = local;","        } else {","            module.exports = local;","            module.exports.__dirname = __dirname;","            module.exports.module = module;","        }","    }());","}());",""],"l":{"12":2,"14":2,"19":2,"21":2,"23":2,"24":2,"25":2,"30":1,"37":2,"41":2,"43":2,"45":2,"46":1,"48":1,"49":1,"50":1}},"/home/travis/build/npmtest/node-npmtest-express-brute/example.js":{"path":"/home/travis/build/npmtest/node-npmtest-express-brute/example.js","s":{"1":2,"2":2,"3":2,"4":2,"5":2,"6":2,"7":2,"8":1,"9":2,"10":2,"11":2,"12":2,"13":1,"14":2,"15":2,"16":2,"17":2,"18":2,"19":0,"20":2,"21":1,"22":1,"23":1,"24":1,"25":1,"26":0,"27":0,"28":1,"29":1,"30":2,"31":0,"32":0,"33":0,"34":1,"35":2,"36":2,"37":2,"38":2,"39":2,"40":2,"41":0,"42":2,"43":2,"44":2,"45":1,"46":3,"47":1,"48":1,"49":1,"50":1,"51":1,"52":1,"53":1,"54":1,"55":1,"56":1,"57":0,"58":1,"59":6,"60":6,"61":1,"62":2,"63":0,"64":2,"65":1,"66":1,"67":0,"68":0,"69":0,"70":0,"71":0,"72":0,"73":0,"74":0,"75":0,"76":0,"77":0,"78":0,"79":0,"80":0,"81":0,"82":0,"83":0},"b":{"1":[2,1,1,1],"2":[1,1,1,1],"3":[1,1],"4":[2,2],"5":[1,1],"6":[1,1],"7":[2,0],"8":[2,1,1,1,1,1],"9":[0,2,0],"10":[1,1],"11":[2,1,1],"12":[1,0],"13":[0,2],"14":[2,0,0,0,0,0,0],"15":[0,2],"16":[2,0],"17":[1,1],"18":[0,1],"19":[1,2,0,2],"20":[1,0],"21":[1,1],"22":[0,0],"23":[0,0],"24":[0,0],"25":[0,0],"26":[0,0],"27":[0,0],"28":[0,0]},"f":{"1":2,"2":2,"3":2,"4":2,"5":2,"6":2,"7":2,"8":2,"9":3,"10":1,"11":6,"12":0},"fnMap":{"1":{"name":"(anonymous_1)","line":26,"loc":{"start":{"line":26,"column":1},"end":{"line":26,"column":13}}},"2":{"name":"(anonymous_2)","line":33,"loc":{"start":{"line":33,"column":5},"end":{"line":33,"column":17}}},"3":{"name":"(anonymous_3)","line":37,"loc":{"start":{"line":37,"column":24},"end":{"line":37,"column":36}}},"4":{"name":"(anonymous_4)","line":69,"loc":{"start":{"line":69,"column":31},"end":{"line":69,"column":48}},"skip":true},"5":{"name":"(anonymous_5)","line":78,"loc":{"start":{"line":78,"column":26},"end":{"line":78,"column":45}},"skip":true},"6":{"name":"(anonymous_6)","line":123,"loc":{"start":{"line":123,"column":33},"end":{"line":123,"column":48}},"skip":true},"7":{"name":"(anonymous_7)","line":125,"loc":{"start":{"line":125,"column":27},"end":{"line":125,"column":39}},"skip":true},"8":{"name":"(anonymous_8)","line":133,"loc":{"start":{"line":133,"column":59},"end":{"line":133,"column":74}},"skip":true},"9":{"name":"(anonymous_9)","line":143,"loc":{"start":{"line":143,"column":45},"end":{"line":143,"column":62}},"skip":true},"10":{"name":"(anonymous_10)","line":144,"loc":{"start":{"line":144,"column":73},"end":{"line":144,"column":92}},"skip":true},"11":{"name":"(anonymous_11)","line":272,"loc":{"start":{"line":272,"column":51},"end":{"line":272,"column":77}},"skip":true},"12":{"name":"(anonymous_12)","line":314,"loc":{"start":{"line":314,"column":32},"end":{"line":314,"column":61}},"skip":true}},"statementMap":{"1":{"start":{"line":26,"column":0},"end":{"line":325,"column":5}},"2":{"start":{"line":28,"column":4},"end":{"line":28,"column":14}},"3":{"start":{"line":33,"column":4},"end":{"line":60,"column":9}},"4":{"start":{"line":35,"column":8},"end":{"line":35,"column":19}},"5":{"start":{"line":37,"column":8},"end":{"line":49,"column":13}},"6":{"start":{"line":38,"column":12},"end":{"line":48,"column":13}},"7":{"start":{"line":39,"column":16},"end":{"line":42,"column":30}},"8":{"start":{"line":44,"column":16},"end":{"line":47,"column":27}},"9":{"start":{"line":51,"column":8},"end":{"line":53,"column":21}},"10":{"start":{"line":55,"column":8},"end":{"line":57,"column":45}},"11":{"start":{"line":59,"column":8},"end":{"line":59,"column":35}},"12":{"start":{"line":61,"column":4},"end":{"line":324,"column":5}},"13":{"start":{"line":69,"column":8},"end":{"line":121,"column":10},"skip":true},"14":{"start":{"line":70,"column":12},"end":{"line":88,"column":13},"skip":true},"15":{"start":{"line":76,"column":16},"end":{"line":87,"column":19},"skip":true},"16":{"start":{"line":79,"column":20},"end":{"line":86,"column":21},"skip":true},"17":{"start":{"line":82,"column":24},"end":{"line":82,"column":43},"skip":true},"18":{"start":{"line":83,"column":24},"end":{"line":83,"column":30},"skip":true},"19":{"start":{"line":85,"column":24},"end":{"line":85,"column":49},"skip":true},"20":{"start":{"line":89,"column":12},"end":{"line":107,"column":13},"skip":true},"21":{"start":{"line":92,"column":16},"end":{"line":102,"column":17},"skip":true},"22":{"start":{"line":93,"column":20},"end":{"line":93,"column":86},"skip":true},"23":{"start":{"line":94,"column":20},"end":{"line":95,"column":45},"skip":true},"24":{"start":{"line":96,"column":20},"end":{"line":96,"column":42},"skip":true},"25":{"start":{"line":97,"column":20},"end":{"line":97,"column":48},"skip":true},"26":{"start":{"line":100,"column":20},"end":{"line":100,"column":85},"skip":true},"27":{"start":{"line":101,"column":20},"end":{"line":101,"column":96},"skip":true},"28":{"start":{"line":103,"column":16},"end":{"line":103,"column":22},"skip":true},"29":{"start":{"line":106,"column":16},"end":{"line":106,"column":22},"skip":true},"30":{"start":{"line":108,"column":12},"end":{"line":120,"column":13},"skip":true},"31":{"start":{"line":114,"column":16},"end":{"line":119,"column":17},"skip":true},"32":{"start":{"line":116,"column":20},"end":{"line":116,"column":78},"skip":true},"33":{"start":{"line":118,"column":20},"end":{"line":118,"column":47},"skip":true},"34":{"start":{"line":123,"column":8},"end":{"line":141,"column":11},"skip":true},"35":{"start":{"line":124,"column":12},"end":{"line":124,"column":54},"skip":true},"36":{"start":{"line":125,"column":12},"end":{"line":140,"column":14},"skip":true},"37":{"start":{"line":126,"column":16},"end":{"line":126,"column":28},"skip":true},"38":{"start":{"line":127,"column":16},"end":{"line":127,"column":69},"skip":true},"39":{"start":{"line":128,"column":16},"end":{"line":128,"column":75},"skip":true},"40":{"start":{"line":129,"column":16},"end":{"line":131,"column":17},"skip":true},"41":{"start":{"line":130,"column":20},"end":{"line":130,"column":27},"skip":true},"42":{"start":{"line":133,"column":16},"end":{"line":137,"column":36},"skip":true},"43":{"start":{"line":134,"column":20},"end":{"line":136,"column":55},"skip":true},"44":{"start":{"line":139,"column":16},"end":{"line":139,"column":57},"skip":true},"45":{"start":{"line":143,"column":8},"end":{"line":147,"column":11},"skip":true},"46":{"start":{"line":144,"column":12},"end":{"line":146,"column":15},"skip":true},"47":{"start":{"line":145,"column":16},"end":{"line":145,"column":70},"skip":true},"48":{"start":{"line":149,"column":8},"end":{"line":149,"column":31},"skip":true},"49":{"start":{"line":150,"column":8},"end":{"line":150,"column":14},"skip":true},"50":{"start":{"line":158,"column":8},"end":{"line":158,"column":31},"skip":true},"51":{"start":{"line":160,"column":8},"end":{"line":160,"column":33},"skip":true},"52":{"start":{"line":161,"column":8},"end":{"line":161,"column":37},"skip":true},"53":{"start":{"line":162,"column":8},"end":{"line":162,"column":35},"skip":true},"54":{"start":{"line":164,"column":8},"end":{"line":164,"column":50},"skip":true},"55":{"start":{"line":166,"column":8},"end":{"line":256,"column":2},"skip":true},"56":{"start":{"line":258,"column":8},"end":{"line":286,"column":9},"skip":true},"57":{"start":{"line":259,"column":12},"end":{"line":269,"column":14},"skip":true},"58":{"start":{"line":271,"column":12},"end":{"line":285,"column":19},"skip":true},"59":{"start":{"line":274,"column":20},"end":{"line":274,"column":35},"skip":true},"60":{"start":{"line":275,"column":20},"end":{"line":284,"column":21},"skip":true},"61":{"start":{"line":277,"column":24},"end":{"line":277,"column":64},"skip":true},"62":{"start":{"line":279,"column":24},"end":{"line":279,"column":40},"skip":true},"63":{"start":{"line":281,"column":24},"end":{"line":281,"column":40},"skip":true},"64":{"start":{"line":283,"column":24},"end":{"line":283,"column":39},"skip":true},"65":{"start":{"line":288,"column":8},"end":{"line":290,"column":9},"skip":true},"66":{"start":{"line":289,"column":12},"end":{"line":289,"column":18},"skip":true},"67":{"start":{"line":291,"column":8},"end":{"line":293,"column":54},"skip":true},"68":{"start":{"line":294,"column":8},"end":{"line":301,"column":37},"skip":true},"69":{"start":{"line":302,"column":8},"end":{"line":302,"column":82},"skip":true},"70":{"start":{"line":305,"column":8},"end":{"line":307,"column":9},"skip":true},"71":{"start":{"line":306,"column":12},"end":{"line":306,"column":82},"skip":true},"72":{"start":{"line":309,"column":8},"end":{"line":311,"column":9},"skip":true},"73":{"start":{"line":310,"column":12},"end":{"line":310,"column":18},"skip":true},"74":{"start":{"line":312,"column":8},"end":{"line":312,"column":54},"skip":true},"75":{"start":{"line":313,"column":8},"end":{"line":313,"column":69},"skip":true},"76":{"start":{"line":314,"column":8},"end":{"line":322,"column":36},"skip":true},"77":{"start":{"line":315,"column":12},"end":{"line":315,"column":61},"skip":true},"78":{"start":{"line":316,"column":12},"end":{"line":319,"column":13},"skip":true},"79":{"start":{"line":317,"column":16},"end":{"line":317,"column":75},"skip":true},"80":{"start":{"line":318,"column":16},"end":{"line":318,"column":23},"skip":true},"81":{"start":{"line":320,"column":12},"end":{"line":320,"column":38},"skip":true},"82":{"start":{"line":321,"column":12},"end":{"line":321,"column":27},"skip":true},"83":{"start":{"line":323,"column":8},"end":{"line":323,"column":14},"skip":true}},"branchMap":{"1":{"line":39,"type":"binary-expr","locations":[{"start":{"line":39,"column":23},"end":{"line":39,"column":62}},{"start":{"line":40,"column":20},"end":{"line":40,"column":70}},{"start":{"line":41,"column":20},"end":{"line":41,"column":71}},{"start":{"line":42,"column":20},"end":{"line":42,"column":29}}]},"2":{"line":44,"type":"binary-expr","locations":[{"start":{"line":44,"column":23},"end":{"line":44,"column":37}},{"start":{"line":45,"column":20},"end":{"line":45,"column":61}},{"start":{"line":46,"column":20},"end":{"line":46,"column":70}},{"start":{"line":47,"column":20},"end":{"line":47,"column":26}}]},"3":{"line":51,"type":"cond-expr","locations":[{"start":{"line":52,"column":14},"end":{"line":52,"column":20}},{"start":{"line":53,"column":14},"end":{"line":53,"column":20}}]},"4":{"line":55,"type":"binary-expr","locations":[{"start":{"line":55,"column":16},"end":{"line":55,"column":44}},{"start":{"line":55,"column":49},"end":{"line":57,"column":43}}]},"5":{"line":55,"type":"cond-expr","locations":[{"start":{"line":56,"column":14},"end":{"line":56,"column":57}},{"start":{"line":57,"column":14},"end":{"line":57,"column":43}}]},"6":{"line":61,"type":"switch","locations":[{"start":{"line":68,"column":4},"end":{"line":150,"column":14},"skip":true},{"start":{"line":156,"column":4},"end":{"line":323,"column":14},"skip":true}]},"7":{"line":70,"type":"if","locations":[{"start":{"line":70,"column":12},"end":{"line":70,"column":12},"skip":true},{"start":{"line":70,"column":12},"end":{"line":70,"column":12},"skip":true}]},"8":{"line":70,"type":"binary-expr","locations":[{"start":{"line":70,"column":16},"end":{"line":70,"column":22},"skip":true},{"start":{"line":70,"column":27},"end":{"line":70,"column":32},"skip":true},{"start":{"line":71,"column":20},"end":{"line":71,"column":39},"skip":true},{"start":{"line":72,"column":20},"end":{"line":72,"column":49},"skip":true},{"start":{"line":73,"column":20},"end":{"line":73,"column":58},"skip":true},{"start":{"line":74,"column":20},"end":{"line":74,"column":69},"skip":true}]},"9":{"line":79,"type":"switch","locations":[{"start":{"line":80,"column":20},"end":{"line":80,"column":33},"skip":true},{"start":{"line":81,"column":20},"end":{"line":83,"column":30},"skip":true},{"start":{"line":84,"column":20},"end":{"line":85,"column":49},"skip":true}]},"10":{"line":89,"type":"switch","locations":[{"start":{"line":90,"column":12},"end":{"line":103,"column":22},"skip":true},{"start":{"line":105,"column":12},"end":{"line":106,"column":22},"skip":true}]},"11":{"line":89,"type":"binary-expr","locations":[{"start":{"line":89,"column":20},"end":{"line":89,"column":25},"skip":true},{"start":{"line":89,"column":29},"end":{"line":89,"column":48},"skip":true},{"start":{"line":89,"column":52},"end":{"line":89,"column":74},"skip":true}]},"12":{"line":92,"type":"if","locations":[{"start":{"line":92,"column":16},"end":{"line":92,"column":16},"skip":true},{"start":{"line":92,"column":16},"end":{"line":92,"column":16},"skip":true}]},"13":{"line":108,"type":"if","locations":[{"start":{"line":108,"column":12},"end":{"line":108,"column":12},"skip":true},{"start":{"line":108,"column":12},"end":{"line":108,"column":12},"skip":true}]},"14":{"line":108,"type":"binary-expr","locations":[{"start":{"line":108,"column":16},"end":{"line":108,"column":61},"skip":true},{"start":{"line":108,"column":66},"end":{"line":108,"column":72},"skip":true},{"start":{"line":108,"column":77},"end":{"line":108,"column":82},"skip":true},{"start":{"line":109,"column":20},"end":{"line":109,"column":39},"skip":true},{"start":{"line":110,"column":20},"end":{"line":110,"column":49},"skip":true},{"start":{"line":111,"column":20},"end":{"line":111,"column":58},"skip":true},{"start":{"line":112,"column":20},"end":{"line":112,"column":68},"skip":true}]},"15":{"line":129,"type":"if","locations":[{"start":{"line":129,"column":16},"end":{"line":129,"column":16},"skip":true},{"start":{"line":129,"column":16},"end":{"line":129,"column":16},"skip":true}]},"16":{"line":134,"type":"cond-expr","locations":[{"start":{"line":135,"column":26},"end":{"line":135,"column":29},"skip":true},{"start":{"line":136,"column":26},"end":{"line":136,"column":54},"skip":true}]},"17":{"line":164,"type":"binary-expr","locations":[{"start":{"line":164,"column":27},"end":{"line":164,"column":43},"skip":true},{"start":{"line":164,"column":47},"end":{"line":164,"column":49},"skip":true}]},"18":{"line":258,"type":"if","locations":[{"start":{"line":258,"column":8},"end":{"line":258,"column":8},"skip":true},{"start":{"line":258,"column":8},"end":{"line":258,"column":8},"skip":true}]},"19":{"line":275,"type":"switch","locations":[{"start":{"line":276,"column":20},"end":{"line":277,"column":64},"skip":true},{"start":{"line":278,"column":20},"end":{"line":279,"column":40},"skip":true},{"start":{"line":280,"column":20},"end":{"line":281,"column":40},"skip":true},{"start":{"line":282,"column":20},"end":{"line":283,"column":39},"skip":true}]},"20":{"line":288,"type":"if","locations":[{"start":{"line":288,"column":8},"end":{"line":288,"column":8},"skip":true},{"start":{"line":288,"column":8},"end":{"line":288,"column":8},"skip":true}]},"21":{"line":288,"type":"binary-expr","locations":[{"start":{"line":288,"column":12},"end":{"line":288,"column":40},"skip":true},{"start":{"line":288,"column":44},"end":{"line":288,"column":67},"skip":true}]},"22":{"line":292,"type":"binary-expr","locations":[{"start":{"line":292,"column":12},"end":{"line":292,"column":50},"skip":true},{"start":{"line":293,"column":12},"end":{"line":293,"column":53},"skip":true}]},"23":{"line":295,"type":"binary-expr","locations":[{"start":{"line":295,"column":12},"end":{"line":295,"column":71},"skip":true},{"start":{"line":296,"column":12},"end":{"line":301,"column":36},"skip":true}]},"24":{"line":302,"type":"binary-expr","locations":[{"start":{"line":302,"column":43},"end":{"line":302,"column":75},"skip":true},{"start":{"line":302,"column":79},"end":{"line":302,"column":81},"skip":true}]},"25":{"line":305,"type":"if","locations":[{"start":{"line":305,"column":8},"end":{"line":305,"column":8},"skip":true},{"start":{"line":305,"column":8},"end":{"line":305,"column":8},"skip":true}]},"26":{"line":309,"type":"if","locations":[{"start":{"line":309,"column":8},"end":{"line":309,"column":8},"skip":true},{"start":{"line":309,"column":8},"end":{"line":309,"column":8},"skip":true}]},"27":{"line":312,"type":"binary-expr","locations":[{"start":{"line":312,"column":27},"end":{"line":312,"column":43},"skip":true},{"start":{"line":312,"column":47},"end":{"line":312,"column":53},"skip":true}]},"28":{"line":316,"type":"if","locations":[{"start":{"line":316,"column":12},"end":{"line":316,"column":12},"skip":true},{"start":{"line":316,"column":12},"end":{"line":316,"column":12},"skip":true}]}},"code":["/*","example.js","","quickstart example","","instruction","    1. save this script as example.js","    2. run the shell command:","        $ npm install npmtest-express-brute && PORT=8081 node example.js","    3. play with the browser-demo on http://127.0.0.1:8081","*/","","","","/* istanbul instrument in package npmtest_express_brute */","/*jslint","    bitwise: true,","    browser: true,","    maxerr: 8,","    maxlen: 96,","    node: true,","    nomen: true,","    regexp: true,","    stupid: true","*/","(function () {","    'use strict';","    var local;","","","","    // run shared js-env code - pre-init","    (function () {","        // init local","        local = {};","        // init modeJs","        local.modeJs = (function () {","            try {","                return typeof navigator.userAgent === 'string' &&","                    typeof document.querySelector('body') === 'object' &&","                    typeof XMLHttpRequest.prototype.open === 'function' &&","                    'browser';","            } catch (errorCaughtBrowser) {","                return module.exports &&","                    typeof process.versions.node === 'string' &&","                    typeof require('http').createServer === 'function' &&","                    'node';","            }","        }());","        // init global","        local.global = local.modeJs === 'browser'","            ? window","            : global;","        // init utility2_rollup","        local = local.global.utility2_rollup || (local.modeJs === 'browser'","            ? local.global.utility2_npmtest_express_brute","            : global.utility2_moduleExports);","        // export local","        local.global.local = local;","    }());","    switch (local.modeJs) {","","","","    // post-init","    // run browser js-env code - post-init","    /* istanbul ignore next */","    case 'browser':","        local.testRunBrowser = function (event) {","            if (!event || (event &&","                    event.currentTarget &&","                    event.currentTarget.className &&","                    event.currentTarget.className.includes &&","                    event.currentTarget.className.includes('onreset'))) {","                // reset output","                Array.from(","                    document.querySelectorAll('body > .resettable')","                ).forEach(function (element) {","                    switch (element.tagName) {","                    case 'INPUT':","                    case 'TEXTAREA':","                        element.value = '';","                        break;","                    default:","                        element.textContent = '';","                    }","                });","            }","            switch (event && event.currentTarget && event.currentTarget.id) {","            case 'testRunButton1':","                // show tests","                if (document.querySelector('#testReportDiv1').style.display === 'none') {","                    document.querySelector('#testReportDiv1').style.display = 'block';","                    document.querySelector('#testRunButton1').textContent =","                        'hide internal test';","                    local.modeTest = true;","                    local.testRunDefault(local);","                // hide tests","                } else {","                    document.querySelector('#testReportDiv1').style.display = 'none';","                    document.querySelector('#testRunButton1').textContent = 'run internal test';","                }","                break;","            // custom-case","            default:","                break;","            }","            if (document.querySelector('#inputTextareaEval1') && (!event || (event &&","                    event.currentTarget &&","                    event.currentTarget.className &&","                    event.currentTarget.className.includes &&","                    event.currentTarget.className.includes('oneval')))) {","                // try to eval input-code","                try {","                    /*jslint evil: true*/","                    eval(document.querySelector('#inputTextareaEval1').value);","                } catch (errorCaught) {","                    console.error(errorCaught);","                }","            }","        };","        // log stderr and stdout to #outputTextareaStdout1","        ['error', 'log'].forEach(function (key) {","            console[key + '_original'] = console[key];","            console[key] = function () {","                var element;","                console[key + '_original'].apply(console, arguments);","                element = document.querySelector('#outputTextareaStdout1');","                if (!element) {","                    return;","                }","                // append text to #outputTextareaStdout1","                element.value += Array.from(arguments).map(function (arg) {","                    return typeof arg === 'string'","                        ? arg","                        : JSON.stringify(arg, null, 4);","                }).join(' ') + '\\n';","                // scroll textarea to bottom","                element.scrollTop = element.scrollHeight;","            };","        });","        // init event-handling","        ['change', 'click', 'keyup'].forEach(function (event) {","            Array.from(document.querySelectorAll('.on' + event)).forEach(function (element) {","                element.addEventListener(event, local.testRunBrowser);","            });","        });","        // run tests","        local.testRunBrowser();","        break;","","","","    // run node js-env code - post-init","    /* istanbul ignore next */","    case 'node':","        // export local","        module.exports = local;","        // require modules","        local.fs = require('fs');","        local.http = require('http');","        local.url = require('url');","        // init assets","        local.assetsDict = local.assetsDict || {};","        /* jslint-ignore-begin */","        local.assetsDict['/assets.index.template.html'] = '\\","<!doctype html>\\n\\","<html lang=\"en\">\\n\\","<head>\\n\\","<meta charset=\"UTF-8\">\\n\\","<meta name=\"viewport\" content=\"width=device-width, initial-scale=1\">\\n\\","<title>{{env.npm_package_name}} (v{{env.npm_package_version}})</title>\\n\\","<style>\\n\\","/*csslint\\n\\","    box-sizing: false,\\n\\","    universal-selector: false\\n\\","*/\\n\\","* {\\n\\","    box-sizing: border-box;\\n\\","}\\n\\","body {\\n\\","    background: #dde;\\n\\","    font-family: Arial, Helvetica, sans-serif;\\n\\","    margin: 2rem;\\n\\","}\\n\\","body > * {\\n\\","    margin-bottom: 1rem;\\n\\","}\\n\\",".utility2FooterDiv {\\n\\","    margin-top: 20px;\\n\\","    text-align: center;\\n\\","}\\n\\","</style>\\n\\","<style>\\n\\","/*csslint\\n\\","*/\\n\\","textarea {\\n\\","    font-family: monospace;\\n\\","    height: 10rem;\\n\\","    width: 100%;\\n\\","}\\n\\","textarea[readonly] {\\n\\","    background: #ddd;\\n\\","}\\n\\","</style>\\n\\","</head>\\n\\","<body>\\n\\","<!-- utility2-comment\\n\\","<div id=\"ajaxProgressDiv1\" style=\"background: #d00; height: 2px; left: 0; margin: 0; padding: 0; position: fixed; top: 0; transition: background 0.5s, width 1.5s; width: 25%;\"></div>\\n\\","utility2-comment -->\\n\\","<h1>\\n\\","<!-- utility2-comment\\n\\","    <a\\n\\","        {{#if env.npm_package_homepage}}\\n\\","        href=\"{{env.npm_package_homepage}}\"\\n\\","        {{/if env.npm_package_homepage}}\\n\\","        target=\"_blank\"\\n\\","    >\\n\\","utility2-comment -->\\n\\","        {{env.npm_package_name}} (v{{env.npm_package_version}})\\n\\","<!-- utility2-comment\\n\\","    </a>\\n\\","utility2-comment -->\\n\\","</h1>\\n\\","<h3>{{env.npm_package_description}}</h3>\\n\\","<!-- utility2-comment\\n\\","<h4><a download href=\"assets.app.js\">download standalone app</a></h4>\\n\\","<button class=\"onclick onreset\" id=\"testRunButton1\">run internal test</button><br>\\n\\","<div id=\"testReportDiv1\" style=\"display: none;\"></div>\\n\\","utility2-comment -->\\n\\","\\n\\","\\n\\","\\n\\","<label>stderr and stdout</label>\\n\\","<textarea class=\"resettable\" id=\"outputTextareaStdout1\" readonly></textarea>\\n\\","<!-- utility2-comment\\n\\","{{#if isRollup}}\\n\\","<script src=\"assets.app.js\"></script>\\n\\","{{#unless isRollup}}\\n\\","utility2-comment -->\\n\\","<script src=\"assets.utility2.rollup.js\"></script>\\n\\","<script src=\"jsonp.utility2._stateInit?callback=window.utility2._stateInit\"></script>\\n\\","<script src=\"assets.npmtest_express_brute.rollup.js\"></script>\\n\\","<script src=\"assets.example.js\"></script>\\n\\","<script src=\"assets.test.js\"></script>\\n\\","<!-- utility2-comment\\n\\","{{/if isRollup}}\\n\\","utility2-comment -->\\n\\","<div class=\"utility2FooterDiv\">\\n\\","    [ this app was created with\\n\\","    <a href=\"https://github.com/kaizhu256/node-utility2\" target=\"_blank\">utility2</a>\\n\\","    ]\\n\\","</div>\\n\\","</body>\\n\\","</html>\\n\\","';","        /* jslint-ignore-end */","        if (local.templateRender) {","            local.assetsDict['/'] = local.templateRender(","                local.assetsDict['/assets.index.template.html'],","                {","                    env: local.objectSetDefault(local.env, {","                        npm_package_description: 'the greatest app in the world!',","                        npm_package_name: 'my-app',","                        npm_package_nameAlias: 'my_app',","                        npm_package_version: '0.0.1'","                    })","                }","            );","        } else {","            local.assetsDict['/'] = local.assetsDict['/assets.index.template.html']","                .replace((/\\{\\{env\\.(\\w+?)\\}\\}/g), function (match0, match1) {","                    // jslint-hack","                    String(match0);","                    switch (match1) {","                    case 'npm_package_description':","                        return 'the greatest app in the world!';","                    case 'npm_package_name':","                        return 'my-app';","                    case 'npm_package_nameAlias':","                        return 'my_app';","                    case 'npm_package_version':","                        return '0.0.1';","                    }","                });","        }","        // run the cli","        if (local.global.utility2_rollup || module !== require.main) {","            break;","        }","        local.assetsDict['/assets.example.js'] =","            local.assetsDict['/assets.example.js'] ||","            local.fs.readFileSync(__filename, 'utf8');","        local.assetsDict['/assets.npmtest_express_brute.rollup.js'] =","            local.assetsDict['/assets.npmtest_express_brute.rollup.js'] ||","            local.fs.readFileSync(","                // buildCustomOrg-hack","                local.npmtest_express_brute.__dirname +","                    '/lib.npmtest_express_brute.js',","                'utf8'","            ).replace((/^#!/), '//');","        local.assetsDict['/favicon.ico'] = local.assetsDict['/favicon.ico'] || '';","        // if $npm_config_timeout_exit exists,","        // then exit this process after $npm_config_timeout_exit ms","        if (Number(process.env.npm_config_timeout_exit)) {","            setTimeout(process.exit, Number(process.env.npm_config_timeout_exit));","        }","        // start server","        if (local.global.utility2_serverHttp1) {","            break;","        }","        process.env.PORT = process.env.PORT || '8081';","        console.error('server starting on port ' + process.env.PORT);","        local.http.createServer(function (request, response) {","            request.urlParsed = local.url.parse(request.url);","            if (local.assetsDict[request.urlParsed.pathname] !== undefined) {","                response.end(local.assetsDict[request.urlParsed.pathname]);","                return;","            }","            response.statusCode = 404;","            response.end();","        }).listen(process.env.PORT);","        break;","    }","}());",""],"l":{"26":2,"28":2,"33":2,"35":2,"37":2,"38":2,"39":2,"44":1,"51":2,"55":2,"59":2,"61":2,"69":1,"70":2,"76":2,"79":2,"82":2,"83":2,"85":1,"89":2,"92":1,"93":1,"94":1,"96":1,"97":1,"100":1,"101":1,"103":1,"106":1,"108":2,"114":1,"116":1,"118":1,"123":1,"124":2,"125":2,"126":2,"127":2,"128":2,"129":2,"130":1,"133":2,"134":2,"139":2,"143":1,"144":3,"145":1,"149":1,"150":1,"158":1,"160":1,"161":1,"162":1,"164":1,"166":1,"258":1,"259":1,"271":1,"274":6,"275":6,"277":1,"279":2,"281":1,"283":2,"288":1,"289":1,"291":1,"294":1,"302":1,"305":1,"306":1,"309":1,"310":1,"312":1,"313":1,"314":1,"315":1,"316":1,"317":1,"318":1,"320":1,"321":1,"323":1}},"/home/travis/build/npmtest/node-npmtest-express-brute/node_modules/express-brute/index.js":{"path":"/home/travis/build/npmtest/node-npmtest-express-brute/node_modules/express-brute/index.js","s":{"1":1,"2":1,"3":1,"4":0,"5":0,"6":0,"7":0,"8":0,"9":0,"10":0,"11":0,"12":0,"13":0,"14":0,"15":0,"16":0,"17":0,"18":0,"19":0,"20":0,"21":1,"22":0,"23":0,"24":0,"25":0,"26":0,"27":0,"28":0,"29":0,"30":0,"31":0,"32":0,"33":0,"34":0,"35":0,"36":0,"37":0,"38":0,"39":0,"40":0,"41":0,"42":0,"43":0,"44":0,"45":0,"46":0,"47":0,"48":0,"49":0,"50":0,"51":0,"52":0,"53":0,"54":0,"55":0,"56":0,"57":0,"58":0,"59":0,"60":0,"61":0,"62":0,"63":0,"64":0,"65":0,"66":0,"67":0,"68":0,"69":0,"70":0,"71":0,"72":0,"73":0,"74":0,"75":0,"76":0,"77":1,"78":0,"79":0,"80":0,"81":0,"82":0,"83":0,"84":0,"85":1,"86":0,"87":1,"88":0,"89":0,"90":1,"91":0,"92":0,"93":0,"94":1,"95":0,"96":0,"97":0,"98":1,"99":0,"100":0,"101":0,"102":0,"103":1,"104":0,"105":0,"106":0,"107":0,"108":0,"109":1,"110":1,"111":0,"112":1},"b":{"1":[0,0],"2":[0,0],"3":[0,0],"4":[0,0],"5":[0,0],"6":[0,0],"7":[0,0],"8":[0,0],"9":[0,0],"10":[0,0],"11":[0,0],"12":[0,0],"13":[0,0],"14":[0,0],"15":[0,0],"16":[0,0],"17":[0,0],"18":[0,0],"19":[0,0],"20":[0,0],"21":[0,0],"22":[0,0],"23":[0,0],"24":[0,0],"25":[0,0],"26":[0,0],"27":[0,0]},"f":{"1":0,"2":0,"3":0,"4":0,"5":0,"6":0,"7":0,"8":0,"9":0,"10":0,"11":0,"12":0,"13":0,"14":0,"15":0,"16":0,"17":0,"18":0,"19":0,"20":0,"21":0,"22":0,"23":0,"24":0},"fnMap":{"1":{"name":"(anonymous_1)","line":4,"loc":{"start":{"line":4,"column":36},"end":{"line":4,"column":62}}},"2":{"name":"(anonymous_2)","line":34,"loc":{"start":{"line":34,"column":39},"end":{"line":34,"column":58}}},"3":{"name":"(anonymous_3)","line":39,"loc":{"start":{"line":39,"column":12},"end":{"line":39,"column":38}}},"4":{"name":"(anonymous_4)","line":41,"loc":{"start":{"line":41,"column":30},"end":{"line":41,"column":42}}},"5":{"name":"(anonymous_5)","line":46,"loc":{"start":{"line":46,"column":15},"end":{"line":46,"column":41}}},"6":{"name":"(anonymous_6)","line":47,"loc":{"start":{"line":47,"column":27},"end":{"line":47,"column":42}}},"7":{"name":"(anonymous_7)","line":56,"loc":{"start":{"line":56,"column":23},"end":{"line":56,"column":43}}},"8":{"name":"(anonymous_8)","line":57,"loc":{"start":{"line":57,"column":27},"end":{"line":57,"column":42}}},"9":{"name":"(anonymous_9)","line":59,"loc":{"start":{"line":59,"column":24},"end":{"line":59,"column":36}}},"10":{"name":"(anonymous_10)","line":69,"loc":{"start":{"line":69,"column":13},"end":{"line":69,"column":33}}},"11":{"name":"(anonymous_11)","line":70,"loc":{"start":{"line":70,"column":15},"end":{"line":70,"column":27}}},"12":{"name":"(anonymous_12)","line":82,"loc":{"start":{"line":82,"column":30},"end":{"line":82,"column":52}}},"13":{"name":"(anonymous_13)","line":131,"loc":{"start":{"line":131,"column":34},"end":{"line":131,"column":49}}},"14":{"name":"(anonymous_14)","line":152,"loc":{"start":{"line":152,"column":31},"end":{"line":152,"column":60}}},"15":{"name":"(anonymous_15)","line":154,"loc":{"start":{"line":154,"column":30},"end":{"line":154,"column":45}}},"16":{"name":"(anonymous_16)","line":164,"loc":{"start":{"line":164,"column":28},"end":{"line":164,"column":40}}},"17":{"name":"(anonymous_17)","line":171,"loc":{"start":{"line":171,"column":29},"end":{"line":171,"column":41}}},"18":{"name":"(anonymous_18)","line":175,"loc":{"start":{"line":175,"column":20},"end":{"line":175,"column":57}}},"19":{"name":"(anonymous_19)","line":179,"loc":{"start":{"line":179,"column":35},"end":{"line":179,"column":83}}},"20":{"name":"(anonymous_20)","line":184,"loc":{"start":{"line":184,"column":29},"end":{"line":184,"column":77}}},"21":{"name":"(anonymous_21)","line":189,"loc":{"start":{"line":189,"column":24},"end":{"line":189,"column":72}}},"22":{"name":"(anonymous_22)","line":195,"loc":{"start":{"line":195,"column":23},"end":{"line":195,"column":38}}},"23":{"name":"(anonymous_23)","line":197,"loc":{"start":{"line":197,"column":13},"end":{"line":197,"column":29}}},"24":{"name":"(anonymous_24)","line":214,"loc":{"start":{"line":214,"column":19},"end":{"line":214,"column":34}}}},"statementMap":{"1":{"start":{"line":1,"column":0},"end":{"line":1,"column":30}},"2":{"start":{"line":2,"column":0},"end":{"line":2,"column":31}},"3":{"start":{"line":4,"column":0},"end":{"line":33,"column":2}},"4":{"start":{"line":5,"column":1},"end":{"line":5,"column":7}},"5":{"start":{"line":6,"column":1},"end":{"line":6,"column":30}},"6":{"start":{"line":7,"column":1},"end":{"line":7,"column":48}},"7":{"start":{"line":8,"column":1},"end":{"line":8,"column":43}},"8":{"start":{"line":11,"column":1},"end":{"line":11,"column":61}},"9":{"start":{"line":12,"column":1},"end":{"line":14,"column":2}},"10":{"start":{"line":13,"column":2},"end":{"line":13,"column":27}},"11":{"start":{"line":15,"column":1},"end":{"line":15,"column":20}},"12":{"start":{"line":18,"column":1},"end":{"line":18,"column":38}},"13":{"start":{"line":19,"column":1},"end":{"line":22,"column":2}},"14":{"start":{"line":20,"column":2},"end":{"line":20,"column":117}},"15":{"start":{"line":21,"column":2},"end":{"line":21,"column":28}},"16":{"start":{"line":23,"column":1},"end":{"line":23,"column":58}},"17":{"start":{"line":26,"column":1},"end":{"line":29,"column":2}},"18":{"start":{"line":27,"column":2},"end":{"line":27,"column":102}},"19":{"start":{"line":28,"column":2},"end":{"line":28,"column":59}},"20":{"start":{"line":32,"column":1},"end":{"line":32,"column":37}},"21":{"start":{"line":34,"column":0},"end":{"line":151,"column":2}},"22":{"start":{"line":36,"column":1},"end":{"line":36,"column":33}},"23":{"start":{"line":37,"column":1},"end":{"line":37,"column":27}},"24":{"start":{"line":38,"column":1},"end":{"line":40,"column":2}},"25":{"start":{"line":39,"column":2},"end":{"line":39,"column":61}},"26":{"start":{"line":39,"column":40},"end":{"line":39,"column":58}},"27":{"start":{"line":41,"column":1},"end":{"line":43,"column":10}},"28":{"start":{"line":42,"column":2},"end":{"line":42,"column":104}},"29":{"start":{"line":46,"column":1},"end":{"line":150,"column":10}},"30":{"start":{"line":47,"column":2},"end":{"line":149,"column":11}},"31":{"start":{"line":48,"column":3},"end":{"line":52,"column":4}},"32":{"start":{"line":49,"column":4},"end":{"line":49,"column":57}},"33":{"start":{"line":51,"column":4},"end":{"line":51,"column":49}},"34":{"start":{"line":55,"column":3},"end":{"line":78,"column":4}},"35":{"start":{"line":56,"column":4},"end":{"line":64,"column":13}},"36":{"start":{"line":57,"column":5},"end":{"line":63,"column":8}},"37":{"start":{"line":58,"column":6},"end":{"line":62,"column":7}},"38":{"start":{"line":59,"column":7},"end":{"line":61,"column":10}},"39":{"start":{"line":60,"column":8},"end":{"line":60,"column":22}},"40":{"start":{"line":65,"column":4},"end":{"line":74,"column":5}},"41":{"start":{"line":67,"column":5},"end":{"line":67,"column":36}},"42":{"start":{"line":68,"column":5},"end":{"line":68,"column":26}},"43":{"start":{"line":69,"column":5},"end":{"line":73,"column":7}},"44":{"start":{"line":70,"column":6},"end":{"line":72,"column":9}},"45":{"start":{"line":71,"column":7},"end":{"line":71,"column":26}},"46":{"start":{"line":75,"column":4},"end":{"line":77,"column":6}},"47":{"start":{"line":82,"column":3},"end":{"line":148,"column":13}},"48":{"start":{"line":83,"column":4},"end":{"line":92,"column":5}},"49":{"start":{"line":84,"column":5},"end":{"line":90,"column":8}},"50":{"start":{"line":91,"column":5},"end":{"line":91,"column":12}},"51":{"start":{"line":94,"column":4},"end":{"line":97,"column":45}},"52":{"start":{"line":98,"column":4},"end":{"line":111,"column":5}},"53":{"start":{"line":99,"column":5},"end":{"line":99,"column":25}},"54":{"start":{"line":100,"column":5},"end":{"line":100,"column":56}},"55":{"start":{"line":101,"column":5},"end":{"line":101,"column":53}},"56":{"start":{"line":103,"column":5},"end":{"line":103,"column":65}},"57":{"start":{"line":104,"column":5},"end":{"line":110,"column":6}},"58":{"start":{"line":105,"column":6},"end":{"line":109,"column":7}},"59":{"start":{"line":106,"column":7},"end":{"line":106,"column":39}},"60":{"start":{"line":108,"column":7},"end":{"line":108,"column":36}},"61":{"start":{"line":112,"column":4},"end":{"line":113,"column":52}},"62":{"start":{"line":115,"column":4},"end":{"line":124,"column":5}},"63":{"start":{"line":116,"column":5},"end":{"line":116,"column":96}},"64":{"start":{"line":117,"column":5},"end":{"line":123,"column":6}},"65":{"start":{"line":119,"column":6},"end":{"line":119,"column":16}},"66":{"start":{"line":120,"column":6},"end":{"line":120,"column":16}},"67":{"start":{"line":121,"column":6},"end":{"line":121,"column":82}},"68":{"start":{"line":122,"column":6},"end":{"line":122,"column":53}},"69":{"start":{"line":126,"column":4},"end":{"line":147,"column":5}},"70":{"start":{"line":127,"column":5},"end":{"line":143,"column":14}},"71":{"start":{"line":132,"column":6},"end":{"line":141,"column":7}},"72":{"start":{"line":133,"column":7},"end":{"line":139,"column":10}},"73":{"start":{"line":140,"column":7},"end":{"line":140,"column":14}},"74":{"start":{"line":142,"column":6},"end":{"line":142,"column":42}},"75":{"start":{"line":145,"column":5},"end":{"line":145,"column":42}},"76":{"start":{"line":146,"column":5},"end":{"line":146,"column":104}},"77":{"start":{"line":152,"column":0},"end":{"line":170,"column":2}},"78":{"start":{"line":153,"column":1},"end":{"line":153,"column":50}},"79":{"start":{"line":154,"column":1},"end":{"line":169,"column":10}},"80":{"start":{"line":155,"column":2},"end":{"line":168,"column":3}},"81":{"start":{"line":156,"column":3},"end":{"line":161,"column":6}},"82":{"start":{"line":163,"column":3},"end":{"line":167,"column":4}},"83":{"start":{"line":164,"column":4},"end":{"line":166,"column":14}},"84":{"start":{"line":165,"column":5},"end":{"line":165,"column":37}},"85":{"start":{"line":171,"column":0},"end":{"line":173,"column":2}},"86":{"start":{"line":172,"column":1},"end":{"line":172,"column":19}},"87":{"start":{"line":175,"column":0},"end":{"line":178,"column":2}},"88":{"start":{"line":176,"column":1},"end":{"line":176,"column":92}},"89":{"start":{"line":177,"column":1},"end":{"line":177,"column":51}},"90":{"start":{"line":179,"column":0},"end":{"line":183,"column":2}},"91":{"start":{"line":180,"column":1},"end":{"line":180,"column":42}},"92":{"start":{"line":181,"column":1},"end":{"line":181,"column":17}},"93":{"start":{"line":182,"column":1},"end":{"line":182,"column":112}},"94":{"start":{"line":184,"column":0},"end":{"line":188,"column":2}},"95":{"start":{"line":185,"column":1},"end":{"line":185,"column":42}},"96":{"start":{"line":186,"column":1},"end":{"line":186,"column":17}},"97":{"start":{"line":187,"column":1},"end":{"line":187,"column":112}},"98":{"start":{"line":189,"column":0},"end":{"line":194,"column":2}},"99":{"start":{"line":190,"column":1},"end":{"line":190,"column":17}},"100":{"start":{"line":191,"column":1},"end":{"line":191,"column":42}},"101":{"start":{"line":192,"column":1},"end":{"line":192,"column":49}},"102":{"start":{"line":193,"column":1},"end":{"line":193,"column":8}},"103":{"start":{"line":195,"column":0},"end":{"line":203,"column":2}},"104":{"start":{"line":196,"column":1},"end":{"line":196,"column":14}},"105":{"start":{"line":197,"column":1},"end":{"line":201,"column":4}},"106":{"start":{"line":198,"column":2},"end":{"line":200,"column":3}},"107":{"start":{"line":199,"column":3},"end":{"line":199,"column":68}},"108":{"start":{"line":202,"column":1},"end":{"line":202,"column":65}},"109":{"start":{"line":205,"column":0},"end":{"line":205,"column":56}},"110":{"start":{"line":206,"column":0},"end":{"line":220,"column":2}},"111":{"start":{"line":215,"column":2},"end":{"line":218,"column":4}},"112":{"start":{"line":221,"column":0},"end":{"line":221,"column":31}}},"branchMap":{"1":{"line":12,"type":"if","locations":[{"start":{"line":12,"column":1},"end":{"line":12,"column":1}},{"start":{"line":12,"column":1},"end":{"line":12,"column":1}}]},"2":{"line":20,"type":"cond-expr","locations":[{"start":{"line":20,"column":78},"end":{"line":20,"column":111}},{"start":{"line":20,"column":114},"end":{"line":20,"column":115}}]},"3":{"line":26,"type":"if","locations":[{"start":{"line":26,"column":1},"end":{"line":26,"column":1}},{"start":{"line":26,"column":1},"end":{"line":26,"column":1}}]},"4":{"line":38,"type":"if","locations":[{"start":{"line":38,"column":1},"end":{"line":38,"column":1}},{"start":{"line":38,"column":1},"end":{"line":38,"column":1}}]},"5":{"line":42,"type":"cond-expr","locations":[{"start":{"line":42,"column":55},"end":{"line":42,"column":80}},{"start":{"line":42,"column":83},"end":{"line":42,"column":103}}]},"6":{"line":48,"type":"if","locations":[{"start":{"line":48,"column":3},"end":{"line":48,"column":3}},{"start":{"line":48,"column":3},"end":{"line":48,"column":3}}]},"7":{"line":55,"type":"if","locations":[{"start":{"line":55,"column":3},"end":{"line":55,"column":3}},{"start":{"line":55,"column":3},"end":{"line":55,"column":3}}]},"8":{"line":58,"type":"if","locations":[{"start":{"line":58,"column":6},"end":{"line":58,"column":6}},{"start":{"line":58,"column":6},"end":{"line":58,"column":6}}]},"9":{"line":65,"type":"if","locations":[{"start":{"line":65,"column":4},"end":{"line":65,"column":4}},{"start":{"line":65,"column":4},"end":{"line":65,"column":4}}]},"10":{"line":65,"type":"binary-expr","locations":[{"start":{"line":65,"column":8},"end":{"line":65,"column":17}},{"start":{"line":65,"column":21},"end":{"line":65,"column":36}}]},"11":{"line":83,"type":"if","locations":[{"start":{"line":83,"column":4},"end":{"line":83,"column":4}},{"start":{"line":83,"column":4},"end":{"line":83,"column":4}}]},"12":{"line":98,"type":"if","locations":[{"start":{"line":98,"column":4},"end":{"line":98,"column":4}},{"start":{"line":98,"column":4},"end":{"line":98,"column":4}}]},"13":{"line":104,"type":"if","locations":[{"start":{"line":104,"column":5},"end":{"line":104,"column":5}},{"start":{"line":104,"column":5},"end":{"line":104,"column":5}}]},"14":{"line":105,"type":"if","locations":[{"start":{"line":105,"column":6},"end":{"line":105,"column":6}},{"start":{"line":105,"column":6},"end":{"line":105,"column":6}}]},"15":{"line":113,"type":"binary-expr","locations":[{"start":{"line":113,"column":25},"end":{"line":113,"column":46}},{"start":{"line":113,"column":50},"end":{"line":113,"column":51}}]},"16":{"line":115,"type":"if","locations":[{"start":{"line":115,"column":4},"end":{"line":115,"column":4}},{"start":{"line":115,"column":4},"end":{"line":115,"column":4}}]},"17":{"line":115,"type":"binary-expr","locations":[{"start":{"line":115,"column":8},"end":{"line":115,"column":45}},{"start":{"line":115,"column":49},"end":{"line":115,"column":70}}]},"18":{"line":117,"type":"if","locations":[{"start":{"line":117,"column":5},"end":{"line":117,"column":5}},{"start":{"line":117,"column":5},"end":{"line":117,"column":5}}]},"19":{"line":122,"type":"binary-expr","locations":[{"start":{"line":122,"column":26},"end":{"line":122,"column":47}},{"start":{"line":122,"column":51},"end":{"line":122,"column":52}}]},"20":{"line":126,"type":"if","locations":[{"start":{"line":126,"column":4},"end":{"line":126,"column":4}},{"start":{"line":126,"column":4},"end":{"line":126,"column":4}}]},"21":{"line":126,"type":"binary-expr","locations":[{"start":{"line":126,"column":8},"end":{"line":126,"column":42}},{"start":{"line":126,"column":46},"end":{"line":126,"column":79}}]},"22":{"line":132,"type":"if","locations":[{"start":{"line":132,"column":6},"end":{"line":132,"column":6}},{"start":{"line":132,"column":6},"end":{"line":132,"column":6}}]},"23":{"line":142,"type":"binary-expr","locations":[{"start":{"line":142,"column":6},"end":{"line":142,"column":31}},{"start":{"line":142,"column":35},"end":{"line":142,"column":41}}]},"24":{"line":146,"type":"binary-expr","locations":[{"start":{"line":146,"column":5},"end":{"line":146,"column":39}},{"start":{"line":146,"column":43},"end":{"line":146,"column":103}}]},"25":{"line":155,"type":"if","locations":[{"start":{"line":155,"column":2},"end":{"line":155,"column":2}},{"start":{"line":155,"column":2},"end":{"line":155,"column":2}}]},"26":{"line":163,"type":"if","locations":[{"start":{"line":163,"column":3},"end":{"line":163,"column":3}},{"start":{"line":163,"column":3},"end":{"line":163,"column":3}}]},"27":{"line":198,"type":"if","locations":[{"start":{"line":198,"column":2},"end":{"line":198,"column":2}},{"start":{"line":198,"column":2},"end":{"line":198,"column":2}}]}},"code":["var _ = require('underscore');","var crypto = require('crypto');","","var ExpressBrute = module.exports = function (store, options) {","\tvar i;","\tExpressBrute.instanceCount++;","\tthis.name = \"brute\"+ExpressBrute.instanceCount;","\t_.bindAll(this, 'reset', 'getMiddleware');","","\t// set options","\tthis.options = _.extend({}, ExpressBrute.defaults, options);","\tif (this.options.minWait < 1) {","\t\tthis.options.minWait = 1;","\t}","\tthis.store = store;","","\t// build delays array","\tthis.delays = [this.options.minWait];","\twhile(this.delays[this.delays.length-1] < this.options.maxWait) {","\t\tvar nextNum = this.delays[this.delays.length-1] + (this.delays.length > 1 ? this.delays[this.delays.length-2] : 0);","\t\tthis.delays.push(nextNum);","\t}","\tthis.delays[this.delays.length-1] = this.options.maxWait;","","\t// set default lifetime","\tif (typeof this.options.lifetime == \"undefined\") {","\t\tthis.options.lifetime = (this.options.maxWait/1000)*(this.delays.length + this.options.freeRetries);","\t\tthis.options.lifetime = Math.ceil(this.options.lifetime);","\t}","","\t// generate \"prevent\" middleware","\tthis.prevent = this.getMiddleware();","};","ExpressBrute.prototype.getMiddleware = function (options) {","\t// standardize input","\toptions = _.extend({}, options);","\tvar keyFunc = options.key;","\tif (typeof keyFunc !== 'function') {","\t\tkeyFunc = function (req, res, next) { next(options.key); };","\t}","\tvar getFailCallback = _.bind(function () {","\t\treturn typeof options.failCallback === 'undefined' ? this.options.failCallback : options.failCallback;","\t}, this);","","\t// create middleware","\treturn _.bind(function (req, res, next) {","\t\tkeyFunc(req, res, _.bind(function (key) {","\t\t\tif(!options.ignoreIP) {","\t\t\t\tkey = ExpressBrute._getKey([req.ip, this.name, key]);","\t\t\t} else {","\t\t\t\tkey = ExpressBrute._getKey([this.name, key]);","\t\t\t}","","\t\t\t// attach a simpler \"reset\" function to req.brute.reset","\t\t\tif (this.options.attachResetToRequest) {","\t\t\t\tvar reset = _.bind(function (callback) {","\t\t\t\t\tthis.store.reset(key, function (err) {","\t\t\t\t\t\tif (typeof callback == 'function') {","\t\t\t\t\t\t\tprocess.nextTick(function () {","\t\t\t\t\t\t\t\tcallback(err);","\t\t\t\t\t\t\t});","\t\t\t\t\t\t}","\t\t\t\t\t});","\t\t\t\t}, this);","\t\t\t\tif (req.brute && req.brute.reset) {","\t\t\t\t\t// wrap existing reset if one exists","\t\t\t\t\tvar oldReset = req.brute.reset;","\t\t\t\t\tvar newReset = reset;","\t\t\t\t\treset = function (callback) {","\t\t\t\t\t\toldReset(function () {","\t\t\t\t\t\t\tnewReset(callback);","\t\t\t\t\t\t});","\t\t\t\t\t};","\t\t\t\t}","\t\t\t\treq.brute = {","\t\t\t\t\treset: reset","\t\t\t\t};","\t\t\t}","","","\t\t\t// filter request","\t\t\tthis.store.get(key, _.bind(function (err, value) {","\t\t\t\tif (err) {","\t\t\t\t\tthis.options.handleStoreError({","\t\t\t\t\t\treq: req,","\t\t\t\t\t\tres: res,","\t\t\t\t\t\tnext: next,","\t\t\t\t\t\tmessage: \"Cannot get request count\",","\t\t\t\t\t\tparent: err","\t\t\t\t\t});","\t\t\t\t\treturn;","\t\t\t\t}","","\t\t\t\tvar count = 0,","\t\t\t\t\tdelay = 0,","\t\t\t\t\tlastValidRequestTime = this.now(),","\t\t\t\t\tfirstRequestTime = lastValidRequestTime;","\t\t\t\tif (value) {","\t\t\t\t\tcount = value.count;","\t\t\t\t\tlastValidRequestTime = value.lastRequest.getTime();","\t\t\t\t\tfirstRequestTime = value.firstRequest.getTime();","","\t\t\t\t\tvar delayIndex = value.count - this.options.freeRetries - 1;","\t\t\t\t\tif (delayIndex >= 0) {","\t\t\t\t\t\tif (delayIndex < this.delays.length) {","\t\t\t\t\t\t\tdelay = this.delays[delayIndex];","\t\t\t\t\t\t} else {","\t\t\t\t\t\t\tdelay = this.options.maxWait;","\t\t\t\t\t\t}","\t\t\t\t\t}","\t\t\t\t}","\t\t\t\tvar nextValidRequestTime = lastValidRequestTime+delay,","\t\t\t\t\tremainingLifetime = this.options.lifetime || 0;","","\t\t\t\tif (!this.options.refreshTimeoutOnRequest && remainingLifetime > 0) {","\t\t\t\t\tremainingLifetime = remainingLifetime - Math.floor((this.now() - firstRequestTime) / 1000);","\t\t\t\t\tif (remainingLifetime < 1) {","\t\t\t\t\t\t// it should be expired alredy, treat this as a new request and reset everything","\t\t\t\t\t\tcount = 0;","\t\t\t\t\t\tdelay = 0;","\t\t\t\t\t\tnextValidRequestTime = firstRequestTime = lastValidRequestTime = this.now();","\t\t\t\t\t\tremainingLifetime = this.options.lifetime || 0;","\t\t\t\t\t}","\t\t\t\t}","","\t\t\t\tif (nextValidRequestTime <= this.now() || count <= this.options.freeRetries) {","\t\t\t\t\tthis.store.set(key, {","\t\t\t\t\t\tcount: count+1,","\t\t\t\t\t\tlastRequest: new Date(this.now()),","\t\t\t\t\t\tfirstRequest: new Date(firstRequestTime)","\t\t\t\t\t}, remainingLifetime, _.bind(function (err) {","\t\t\t\t\t\tif (err) {","\t\t\t\t\t\t\tthis.options.handleStoreError({","\t\t\t\t\t\t\t\treq: req,","\t\t\t\t\t\t\t\tres: res,","\t\t\t\t\t\t\t\tnext: next,","\t\t\t\t\t\t\t\tmessage: \"Cannot increment request count\",","\t\t\t\t\t\t\t\tparent: err","\t\t\t\t\t\t\t});","\t\t\t\t\t\t\treturn;","\t\t\t\t\t\t}","\t\t\t\t\t\ttypeof next == 'function' && next();","\t\t\t\t\t},this));","\t\t\t\t} else {","\t\t\t\t\tvar failCallback = getFailCallback();","\t\t\t\t\ttypeof failCallback === 'function' && failCallback(req, res, next, new Date(nextValidRequestTime));","\t\t\t\t}","\t\t\t}, this));","\t\t},this));","\t}, this);","};","ExpressBrute.prototype.reset = function (ip, key, callback) {","\tkey = ExpressBrute._getKey([ip, this.name, key]);","\tthis.store.reset(key, _.bind(function (err) {","\t\tif (err) {","\t\t\tthis.options.handleStoreError({","\t\t\t\tmessage: \"Cannot reset request count\",","\t\t\t\tparent: err,","\t\t\t\tkey: key,","\t\t\t\tip: ip","\t\t\t});","\t\t} else {","\t\t\tif (typeof callback == 'function') {","\t\t\t\tprocess.nextTick(_.bind(function () {","\t\t\t\t\tcallback.apply(this, arguments);","\t\t\t\t}, this));","\t\t\t}","\t\t}","\t},this));","};","ExpressBrute.prototype.now = function () {","\treturn Date.now();","};","","var setRetryAfter = function (res, nextValidRequestDate) {","\tvar secondUntilNextRequest = Math.ceil((nextValidRequestDate.getTime() - Date.now())/1000);","\tres.header('Retry-After', secondUntilNextRequest);","};","ExpressBrute.FailTooManyRequests = function (req, res, next, nextValidRequestDate) {","\tsetRetryAfter(res, nextValidRequestDate);","\tres.status(429);","\tres.send({error: {text: \"Too many requests in this time frame.\", nextValidRequestDate: nextValidRequestDate}});","};","ExpressBrute.FailForbidden = function (req, res, next, nextValidRequestDate) {","\tsetRetryAfter(res, nextValidRequestDate);","\tres.status(403);","\tres.send({error: {text: \"Too many requests in this time frame.\", nextValidRequestDate: nextValidRequestDate}});","};","ExpressBrute.FailMark = function (req, res, next, nextValidRequestDate) {","\tres.status(429);","\tsetRetryAfter(res, nextValidRequestDate);","\tres.nextValidRequestDate = nextValidRequestDate;","\tnext();","};","ExpressBrute._getKey = function (arr) {","\tvar key = '';","\t_(arr).each(function (part) {","\t\tif (part) {","\t\t\tkey += crypto.createHash('sha256').update(part).digest('base64');","\t\t}","\t});","\treturn crypto.createHash('sha256').update(key).digest('base64');","};","","ExpressBrute.MemoryStore = require('./lib/MemoryStore');","ExpressBrute.defaults = {","\tfreeRetries: 2,","\tproxyDepth: 0,","\tattachResetToRequest: true,","\trefreshTimeoutOnRequest: true,","\tminWait: 500,","\tmaxWait: 1000*60*15, // 15 minutes","\tfailCallback: ExpressBrute.FailTooManyRequests,","\thandleStoreError: function (err) {","\t\tthrow {","\t\t\tmessage: err.message,","\t\t\tparent: err.parent","\t\t};","\t}","};","ExpressBrute.instanceCount = 0;",""],"l":{"1":1,"2":1,"4":1,"5":0,"6":0,"7":0,"8":0,"11":0,"12":0,"13":0,"15":0,"18":0,"19":0,"20":0,"21":0,"23":0,"26":0,"27":0,"28":0,"32":0,"34":1,"36":0,"37":0,"38":0,"39":0,"41":0,"42":0,"46":0,"47":0,"48":0,"49":0,"51":0,"55":0,"56":0,"57":0,"58":0,"59":0,"60":0,"65":0,"67":0,"68":0,"69":0,"70":0,"71":0,"75":0,"82":0,"83":0,"84":0,"91":0,"94":0,"98":0,"99":0,"100":0,"101":0,"103":0,"104":0,"105":0,"106":0,"108":0,"112":0,"115":0,"116":0,"117":0,"119":0,"120":0,"121":0,"122":0,"126":0,"127":0,"132":0,"133":0,"140":0,"142":0,"145":0,"146":0,"152":1,"153":0,"154":0,"155":0,"156":0,"163":0,"164":0,"165":0,"171":1,"172":0,"175":1,"176":0,"177":0,"179":1,"180":0,"181":0,"182":0,"184":1,"185":0,"186":0,"187":0,"189":1,"190":0,"191":0,"192":0,"193":0,"195":1,"196":0,"197":0,"198":0,"199":0,"202":0,"205":1,"206":1,"215":0,"221":1}},"/home/travis/build/npmtest/node-npmtest-express-brute/node_modules/express-brute/lib/MemoryStore.js":{"path":"/home/travis/build/npmtest/node-npmtest-express-brute/node_modules/express-brute/lib/MemoryStore.js","s":{"1":1,"2":1,"3":0,"4":0,"5":0,"6":1,"7":1,"8":0,"9":0,"10":0,"11":0,"12":0,"13":0,"14":0,"15":0,"16":0,"17":0,"18":0,"19":0,"20":1,"21":0,"22":0,"23":0,"24":0,"25":0,"26":0,"27":0,"28":1,"29":0,"30":0,"31":0,"32":0,"33":0,"34":1},"b":{"1":[0,0],"2":[0,0],"3":[0,0],"4":[0,0],"5":[0,0],"6":[0,0],"7":[0,0],"8":[0,0],"9":[0,0],"10":[0,0],"11":[0,0]},"f":{"1":0,"2":0,"3":0,"4":0,"5":0},"fnMap":{"1":{"name":"(anonymous_1)","line":5,"loc":{"start":{"line":5,"column":35},"end":{"line":5,"column":54}}},"2":{"name":"(anonymous_2)","line":11,"loc":{"start":{"line":11,"column":28},"end":{"line":11,"column":70}}},"3":{"name":"(anonymous_3)","line":24,"loc":{"start":{"line":24,"column":57},"end":{"line":24,"column":69}}},"4":{"name":"(anonymous_4)","line":30,"loc":{"start":{"line":30,"column":28},"end":{"line":30,"column":53}}},"5":{"name":"(anonymous_5)","line":40,"loc":{"start":{"line":40,"column":30},"end":{"line":40,"column":55}}}},"statementMap":{"1":{"start":{"line":1,"column":0},"end":{"line":3,"column":42}},"2":{"start":{"line":5,"column":0},"end":{"line":9,"column":2}},"3":{"start":{"line":6,"column":1},"end":{"line":6,"column":16}},"4":{"start":{"line":7,"column":1},"end":{"line":7,"column":40}},"5":{"start":{"line":8,"column":1},"end":{"line":8,"column":60}},"6":{"start":{"line":10,"column":0},"end":{"line":10,"column":69}},"7":{"start":{"line":11,"column":0},"end":{"line":29,"column":2}},"8":{"start":{"line":12,"column":1},"end":{"line":12,"column":31}},"9":{"start":{"line":13,"column":1},"end":{"line":13,"column":26}},"10":{"start":{"line":14,"column":1},"end":{"line":14,"column":31}},"11":{"start":{"line":16,"column":1},"end":{"line":20,"column":2}},"12":{"start":{"line":17,"column":2},"end":{"line":17,"column":22}},"13":{"start":{"line":18,"column":8},"end":{"line":20,"column":2}},"14":{"start":{"line":19,"column":2},"end":{"line":19,"column":51}},"15":{"start":{"line":21,"column":1},"end":{"line":21,"column":30}},"16":{"start":{"line":23,"column":1},"end":{"line":27,"column":2}},"17":{"start":{"line":24,"column":2},"end":{"line":26,"column":27}},"18":{"start":{"line":25,"column":3},"end":{"line":25,"column":25}},"19":{"start":{"line":28,"column":1},"end":{"line":28,"column":49}},"20":{"start":{"line":30,"column":0},"end":{"line":39,"column":2}},"21":{"start":{"line":31,"column":1},"end":{"line":31,"column":31}},"22":{"start":{"line":32,"column":1},"end":{"line":32,"column":51}},"23":{"start":{"line":33,"column":1},"end":{"line":37,"column":2}},"24":{"start":{"line":34,"column":2},"end":{"line":34,"column":26}},"25":{"start":{"line":35,"column":2},"end":{"line":35,"column":48}},"26":{"start":{"line":36,"column":2},"end":{"line":36,"column":50}},"27":{"start":{"line":38,"column":1},"end":{"line":38,"column":55}},"28":{"start":{"line":40,"column":0},"end":{"line":48,"column":2}},"29":{"start":{"line":41,"column":1},"end":{"line":41,"column":31}},"30":{"start":{"line":43,"column":1},"end":{"line":45,"column":2}},"31":{"start":{"line":44,"column":2},"end":{"line":44,"column":51}},"32":{"start":{"line":46,"column":1},"end":{"line":46,"column":23}},"33":{"start":{"line":47,"column":1},"end":{"line":47,"column":49}},"34":{"start":{"line":49,"column":0},"end":{"line":51,"column":2}}},"branchMap":{"1":{"line":13,"type":"binary-expr","locations":[{"start":{"line":13,"column":12},"end":{"line":13,"column":20}},{"start":{"line":13,"column":24},"end":{"line":13,"column":25}}]},"2":{"line":16,"type":"if","locations":[{"start":{"line":16,"column":1},"end":{"line":16,"column":1}},{"start":{"line":16,"column":1},"end":{"line":16,"column":1}}]},"3":{"line":18,"type":"if","locations":[{"start":{"line":18,"column":8},"end":{"line":18,"column":8}},{"start":{"line":18,"column":8},"end":{"line":18,"column":8}}]},"4":{"line":23,"type":"if","locations":[{"start":{"line":23,"column":1},"end":{"line":23,"column":1}},{"start":{"line":23,"column":1},"end":{"line":23,"column":1}}]},"5":{"line":28,"type":"binary-expr","locations":[{"start":{"line":28,"column":1},"end":{"line":28,"column":30}},{"start":{"line":28,"column":34},"end":{"line":28,"column":48}}]},"6":{"line":32,"type":"binary-expr","locations":[{"start":{"line":32,"column":12},"end":{"line":32,"column":26}},{"start":{"line":32,"column":30},"end":{"line":32,"column":50}}]},"7":{"line":33,"type":"if","locations":[{"start":{"line":33,"column":1},"end":{"line":33,"column":1}},{"start":{"line":33,"column":1},"end":{"line":33,"column":1}}]},"8":{"line":38,"type":"binary-expr","locations":[{"start":{"line":38,"column":1},"end":{"line":38,"column":30}},{"start":{"line":38,"column":34},"end":{"line":38,"column":54}}]},"9":{"line":43,"type":"if","locations":[{"start":{"line":43,"column":1},"end":{"line":43,"column":1}},{"start":{"line":43,"column":1},"end":{"line":43,"column":1}}]},"10":{"line":43,"type":"binary-expr","locations":[{"start":{"line":43,"column":5},"end":{"line":43,"column":19}},{"start":{"line":43,"column":23},"end":{"line":43,"column":45}}]},"11":{"line":47,"type":"binary-expr","locations":[{"start":{"line":47,"column":1},"end":{"line":47,"column":30}},{"start":{"line":47,"column":34},"end":{"line":47,"column":48}}]}},"code":["var AbstractClientStore = require('./AbstractClientStore'),","    _ = require('underscore'),","    longTimeout = require('long-timeout'); // not sure this is really neccessary, since it seems like node currently support
[...]
y.lastCall.args[3].getTime().should.equal(expectedTime);","\t\t});","\t\tit('works even after the maxwait is reached', function () {","\t\t\tbrute = new ExpressBrute(store, {","\t\t\t\tfreeRetries: 0,","\t\t\t\tminWait: 10,","\t\t\t\tmaxWait: 10,","\t\t\t\tfailCallback: function () {}","\t\t\t});","","\t\t\tbrute.prevent(req(), new ResponseMock(), nextSpy);","\t\t\tbrute.prevent(req(), new ResponseMock(), nextSpy);","\t\t\tbrute.options.failCallback = errorSpy;","","\t\t\tclock.tick(brute.delays[0]+1);","","\t\t\tvar curTime = Date.now(),","\t\t\t    expectedTime = curTime+brute.delays[0],","\t\t\t    oldNow = brute.now;","\t\t\tbrute.now = function () { return curTime; };","\t\t\tbrute.prevent(req(), new ResponseMock(), nextSpy);","\t\t\tbrute.now = oldNow;","\t\t\tbrute.prevent(req(), new ResponseMock(), nextSpy);","\t\t\terrorSpy.should.have.been.called;","\t\t\terrorSpy.lastCall.args[3].getTime().should.equal(expectedTime);","\t\t});","\t\tit('correctly calculates default lifetime', function () {","\t\t\tbrute = new ExpressBrute(store, {","\t\t\t\tfreeRetries: 1,","\t\t\t\tminWait: 100,","\t\t\t\tmaxWait: 1000,","\t\t\t\tfailCallback: errorSpy","\t\t\t});","\t\t\tbrute.options.lifetime.should.equal(8);","\t\t});","\t\tit('allows requests after the lifetime causes them to expire', function () {","\t\t\tbrute = new ExpressBrute(store, {","\t\t\t\tfreeRetries: 0,","\t\t\t\tminWait: 10000,","\t\t\t\tmaxWait: 10000,","\t\t\t\tlifetime: 1,","\t\t\t\tfailCallback: errorSpy","\t\t\t});","\t\t\tbrute.prevent(req(), new ResponseMock(), nextSpy);","\t\t\terrorSpy.should.not.have.been.called;","\t\t\tbrute.prevent(req(), new ResponseMock(), nextSpy);","\t\t\terrorSpy.should.have.been.called;","","\t\t\tclock.tick((brute.options.lifetime*1000)+1);","","\t\t\tbrute.prevent(req(), new ResponseMock(), nextSpy);","\t\t\terrorSpy.should.have.been.calledOnce;","\t\t});","\t\tit(\"doesn't extend the lifetime if refreshTimeoutOnRequest is false\", function () {","\t\t\tbrute = new ExpressBrute(store, {","\t\t\t\tfreeRetries: 0,","\t\t\t\tminWait: 10000,","\t\t\t\tmaxWait: 10000,","\t\t\t\tlifetime: 1,","\t\t\t\trefreshTimeoutOnRequest: false,","\t\t\t\tfailCallback: errorSpy","\t\t\t});","\t\t\tbrute.prevent(req(), new ResponseMock(), nextSpy);","\t\t\terrorSpy.should.not.have.been.called;","\t\t\tbrute.prevent(req(), new ResponseMock(), nextSpy);","\t\t\terrorSpy.should.have.been.calledOnce;","","\t\t\tclock.tick((brute.options.lifetime*500));","","\t\t\tbrute.prevent(req(), new ResponseMock(), nextSpy);","\t\t\terrorSpy.should.have.been.calledTwice;","","\t\t\tclock.tick((brute.options.lifetime*500)+1);","","\t\t\tbrute.prevent(req(), new ResponseMock(), nextSpy);","\t\t\terrorSpy.should.have.been.calledTwice;","\t\t});","\t\tit('does extend the lifetime if refreshTimeoutOnRequest is true', function () {","\t\t\tbrute = new ExpressBrute(store, {","\t\t\t\tfreeRetries: 1,","\t\t\t\tminWait: 10000,","\t\t\t\tmaxWait: 10000,","\t\t\t\tlifetime: 1,","\t\t\t\tfailCallback: errorSpy","\t\t\t});","\t\t\tbrute.prevent(req(), new ResponseMock(), nextSpy);","\t\t\terrorSpy.should.not.have.been.called;","","\t\t\tclock.tick((brute.options.lifetime*500));","","\t\t\tbrute.prevent(req(), new ResponseMock(), nextSpy);","\t\t\terrorSpy.should.not.have.been.called;","","\t\t\tclock.tick((brute.options.lifetime*500)+1);","","\t\t\tbrute.prevent(req(), new ResponseMock(), nextSpy);","\t\t\terrorSpy.should.have.been.calledOnce;","\t\t});","\t\tit('allows failCallback to be overridden', function () {","\t\t\tbrute = new ExpressBrute(store, {","\t\t\t\tfreeRetries: 0,","\t\t\t\tminWait: 10000,","\t\t\t\tmaxWait: 10000,","\t\t\t\tlifetime: 1,","\t\t\t\tfailCallback: errorSpy","\t\t\t});","\t\t\tvar errorSpy2 = sinon.stub();","\t\t\tvar mid = brute.getMiddleware({","\t\t\t\tfailCallback: errorSpy2","\t\t\t});","","\t\t\tmid(req(), new ResponseMock(), nextSpy);","\t\t\terrorSpy.should.not.have.been.called;","\t\t\terrorSpy2.should.not.have.been.called;","","\t\t\tmid(req(), new ResponseMock(), nextSpy);","\t\t\terrorSpy.should.not.have.been.called;","\t\t\terrorSpy2.should.have.been.called;","\t\t});","\t});","\tdescribe(\"multiple keys\", function () {","\t\tvar brute, store, errorSpy, nextSpy, req;","\t\tbeforeEach(function () {","\t\t\tstore = new ExpressBrute.MemoryStore();","\t\t\terrorSpy = sinon.stub();","\t\t\tnextSpy = sinon.stub();","\t\t\treq = function () { return { ip: '1.2.3.4' }; };","\t\t\tbrute = new ExpressBrute(store, {","\t\t\t\tfreeRetries: 0,","\t\t\t\tminWait: 10,","\t\t\t\tmaxWait: 100,","\t\t\t\tfailCallback: errorSpy","\t\t\t});","\t\t});","\t\tit ('tracks keys separately', function () {","\t\t\tvar first = brute.getMiddleware({key: 'first' });","\t\t\tvar second = brute.getMiddleware({key: 'second' });","","\t\t\tfirst(req(), new ResponseMock(), nextSpy);","\t\t\tnextSpy.should.have.been.calledOnce;","\t\t\tsecond(req(), new ResponseMock(), nextSpy);","\t\t\tnextSpy.should.have.been.calledTwice;","","\t\t\tfirst(req(), new ResponseMock(), nextSpy);","\t\t\tnextSpy.should.have.been.calledTwice;","\t\t\tsecond(req(), new ResponseMock(), nextSpy);","\t\t\tnextSpy.should.have.been.calledTwice;","\t\t});","\t\tit ('supports key functions', function () {","\t\t\treq = function () {","\t\t\t\treturn {","\t\t\t\t\tip: '1.2.3.4',","\t\t\t\t\tsomeData: \"something cool\"","\t\t\t\t};","\t\t\t};","\t\t\tvar first = brute.getMiddleware({key: function(req, res, next) { next(req.someData); } });","\t\t\tvar second = brute.getMiddleware({key: \"something cool\" });","","\t\t\tfirst(req(), new ResponseMock(), nextSpy);","\t\t\tnextSpy.should.have.been.calledOnce;","\t\t\tfirst(req(), new ResponseMock(), nextSpy);","\t\t\tnextSpy.should.have.been.calledOnce;","\t\t\tsecond(req(), new ResponseMock(), nextSpy);","\t\t\tnextSpy.should.have.been.calledOnce;","\t\t});","\t\tit('supports ignoring IP', function() {","\t\t\tvar req = function () {","\t\t\t\treturn {","\t\t\t\t\tip: '1.2.3.4'","\t\t\t\t};","\t\t\t};","\t\t\tvar req2 = function () {","\t\t\t\treturn {","\t\t\t\t\tip: '4.3.2.1'","\t\t\t\t};","\t\t\t};","\t\t\tvar first = brute.getMiddleware({key: \"something cool\", ignoreIP: true});","\t\t\tfirst(req(), new ResponseMock(), nextSpy);","\t\t\tnextSpy.should.have.been.calledOnce;","\t\t\tfirst(req2(), new ResponseMock(), nextSpy);","\t\t\tnextSpy.should.have.been.calledOnce;","\t\t});","\t\tit ('supports brute.reset', function () {","\t\t\tvar mid = brute.getMiddleware({key: 'withAKey' });","","\t\t\tmid(req(), new ResponseMock(), nextSpy);","\t\t\tnextSpy.should.have.been.calledOnce;","\t\t\tbrute.reset(\"1.2.3.4\", \"withAKey\");","\t\t\tmid(req(), new ResponseMock(), nextSpy);","\t\t\tnextSpy.should.have.been.calledTwice;","\t\t});","\t\tit ('supports req.reset shortcut', function () {","\t\t\tvar firstReq, mid = brute.getMiddleware({key: 'withAKey' });","","\t\t\tmid(firstReq = req(), new ResponseMock(), nextSpy);","\t\t\tnextSpy.should.have.been.calledOnce;","\t\t\tfirstReq.brute.reset();","\t\t\tmid(req(), new ResponseMock(), nextSpy);","\t\t\tnextSpy.should.have.been.calledTwice;","\t\t});","\t\tit ('respects the attachResetToRequest', function () {","\t\t\tbrute.options.attachResetToRequest = false;","\t\t\tvar firstReq;","","\t\t\tbrute.prevent(firstReq = req(), new ResponseMock(), nextSpy);","\t\t\tnextSpy.should.have.been.calledOnce;","\t\t\tshould.not.exist(firstReq.brute);","\t\t});","\t});","\tdescribe(\"multiple brute instances\", function () {","\t\tvar brute, brute2, store, errorSpy, errorSpy2, nextSpy, req;","\t\tbeforeEach(function () {","\t\t\tstore = new ExpressBrute.MemoryStore();","\t\t\terrorSpy = sinon.stub();","\t\t\terrorSpy2 = sinon.stub();","\t\t\tnextSpy = sinon.stub();","\t\t\treq = function () { return { ip: '1.2.3.4' }; };","\t\t\tbrute = new ExpressBrute(store, {","\t\t\t\tfreeRetries: 0,","\t\t\t\tminWait: 100,","\t\t\t\tmaxWait: 1000,","\t\t\t\tfailCallback: errorSpy,","\t\t\t\tlifetime: 0","\t\t\t});","\t\t\tbrute2 = new ExpressBrute(store, {","\t\t\t\tfreeRetries: 1,","\t\t\t\tminWait: 100,","\t\t\t\tmaxWait: 1000,","\t\t\t\tfailCallback: errorSpy2,","\t\t\t\tlifetime: 0","\t\t\t});","\t\t});","\t\tit ('tracks hits separately for each instance', function () {","\t\t\tbrute.prevent(req(), new ResponseMock(), nextSpy);","\t\t\tbrute2.prevent(req(), new ResponseMock(), nextSpy);","","\t\t\terrorSpy.should.not.have.been.called;","\t\t\terrorSpy2.should.not.have.been.called;","","\t\t\tbrute.prevent(req(), new ResponseMock(), nextSpy);","\t\t\tbrute2.prevent(req(), new ResponseMock(), nextSpy);","","","\t\t\terrorSpy.should.have.been.called;","\t\t\terrorSpy2.should.not.have.been.called;","","\t\t\tbrute.prevent(req(), new ResponseMock(), nextSpy);","\t\t\tbrute2.prevent(req(), new ResponseMock(), nextSpy);","","\t\t\tnextSpy.should.have.been.calledThrice;","\t\t\terrorSpy2.should.have.been.called;","\t\t});","\t\tit ('resets both brute instances when the req.reset shortcut is called', function (done) {","\t\t\tvar failReq = req();","\t\t\tvar successSpy = sinon.stub();","","\t\t\tbrute.prevent(req(), new ResponseMock(), nextSpy);","\t\t\tbrute2.prevent(req(), new ResponseMock(), nextSpy);","\t\t\tbrute2.prevent(req(), new ResponseMock(), nextSpy);","\t\t\terrorSpy.should.not.have.been.called;","\t\t\terrorSpy2.should.not.have.been.called;","","\t\t\tbrute.prevent(failReq, new ResponseMock(), nextSpy);","\t\t\tbrute2.prevent(failReq, new ResponseMock(), nextSpy);","\t\t\terrorSpy.should.have.been.called;","\t\t\terrorSpy2.should.have.been.called;","","\t\t\tfailReq.brute.reset(function () {","\t\t\t\tbrute.prevent(failReq, new ResponseMock(), successSpy);","\t\t\t\tbrute2.prevent(failReq, new ResponseMock(), successSpy);","\t\t\t\tsuccessSpy.should.have.been.calledTwice;","\t\t\t\tdone();","\t\t\t});","\t\t});","\t\tit ('resets only one brute instance when the req.reset shortcut is called but attachResetToRequest is false on one', function (done) {","\t\t\tbrute2 = new ExpressBrute(store, {","\t\t\t\tfreeRetries: 1,","\t\t\t\tminWait: 100,","\t\t\t\tmaxWait: 1000,","\t\t\t\tfailCallback: errorSpy2,","\t\t\t\tlifetime: 0,","\t\t\t\tattachResetToRequest: false","\t\t\t});","","\t\t\tvar failReq = req();","\t\t\tvar successStub = sinon.stub();","","\t\t\tbrute.prevent(req(), new ResponseMock(), nextSpy);","\t\t\tbrute2.prevent(req(), new ResponseMock(), nextSpy);","\t\t\tbrute2.prevent(req(), new ResponseMock(), nextSpy);","\t\t\terrorSpy.should.not.have.been.called;","\t\t\terrorSpy2.should.not.have.been.called;","","\t\t\tbrute.prevent(failReq, new ResponseMock(), nextSpy);","\t\t\tbrute2.prevent(failReq, new ResponseMock(), nextSpy);","\t\t\terrorSpy.should.have.been.called;","\t\t\terrorSpy2.should.have.been.called;","","\t\t\tfailReq.brute.reset(function () {","\t\t\t\tbrute.prevent(failReq, new ResponseMock(), successStub);","\t\t\t\tbrute2.prevent(failReq, new ResponseMock(), successStub);","\t\t\t\tsuccessStub.should.have.been.called.once;","\t\t\t\tdone();","\t\t\t});","\t\t});","\t});","\tdescribe(\"failure handlers\", function () {","\t\tvar brute, store, req, nextSpy;","\t\tbeforeEach(function () {","\t\t\tstore = new ExpressBrute.MemoryStore();","\t\t\treq = function () { return { ip: '1.2.3.4' }; };","\t\t\tnextSpy = sinon.stub();","","\t\t});","\t\tit('can return a 429 Too Many Requests', function () {","\t\t\tvar res = new ResponseMock();","\t\t\tbrute = new ExpressBrute(store, {","\t\t\t\tfreeRetries: 0,","\t\t\t\tminWait: 10,","\t\t\t\tmaxWait: 100,","\t\t\t\tfailCallback: ExpressBrute.FailTooManyRequests","\t\t\t});","\t\t\tbrute.prevent(req(), res, nextSpy);","\t\t\tbrute.prevent(req(), res, nextSpy);","\t\t\tres.send.should.have.been.called;","\t\t\tres.status.lastCall.args[0].should.equal(429);","\t\t});","\t\tit('can return a 403 Forbidden', function () {","\t\t\tvar res = new ResponseMock();","\t\t\tbrute = new ExpressBrute(store, {","\t\t\t\tfreeRetries: 0,","\t\t\t\tminWait: 10,","\t\t\t\tmaxWait: 100,","\t\t\t\tfailCallback: ExpressBrute.FailForbidden","\t\t\t});","\t\t\tbrute.prevent(req(), res, nextSpy);","\t\t\tbrute.prevent(req(), res, nextSpy);","\t\t\tres.send.should.have.been.called;","\t\t\tres.status.lastCall.args[0].should.equal(403);","\t\t});","\t\tit('can mark a response as failed, but continue processing', function () {","\t\t\tvar res = new ResponseMock();","\t\t\tbrute = new ExpressBrute(store, {","\t\t\t\tfreeRetries: 0,","\t\t\t\tminWait: 10,","\t\t\t\tmaxWait: 100,","\t\t\t\tfailCallback: ExpressBrute.FailMark","\t\t\t});","\t\t\tbrute.prevent(req(), res, nextSpy);","\t\t\tbrute.prevent(req(), res, nextSpy);","\t\t\tres.status.should.have.been.calledWith(429);","\t\t\tnextSpy.should.have.been.calledTwice;","\t\t\tres.nextValidRequestDate.should.exist;","\t\t\tres.nextValidRequestDate.should.be.instanceof(Date);","\t\t});","\t\tit('sets Retry-After', function () {","\t\t\tvar res = new ResponseMock();","\t\t\tbrute = new ExpressBrute(store, {","\t\t\t\tfreeRetries: 0,","\t\t\t\tminWait: 10,","\t\t\t\tmaxWait: 100,","\t\t\t\tfailCallback: ExpressBrute.FailTooManyRequests","\t\t\t});","\t\t\tbrute.prevent(req(), res, nextSpy);","\t\t\tbrute.prevent(req(), res, nextSpy);","\t\t\tres.header.should.have.been.calledWith('Retry-After', 1);","\t\t});","\t});","\tdescribe(\"store error handling\", function () {","\t\tvar brute, store, errorSpy, storeErrorSpy, nextSpy, req, res, err;","\t\tbeforeEach(function () {","\t\t\tstore = new ExpressBrute.MemoryStore();","\t\t\terrorSpy = sinon.stub();","\t\t\tstoreErrorSpy = sinon.stub();","\t\t\tnextSpy = sinon.stub();","\t\t\treq = { ip: '1.2.3.4' };","\t\t\tres = new ResponseMock();","\t\t\terr = \"Example Error\";","\t\t\tbrute = new ExpressBrute(store, {","\t\t\t\tfreeRetries: 0,","\t\t\t\tminWait: 10,","\t\t\t\tmaxWait: 100,","\t\t\t\tfailCallback: errorSpy,","\t\t\t\thandleStoreError: storeErrorSpy","\t\t\t});","\t\t});","\t\tit('should handle get errors', function () {","\t\t\tsinon.stub(store, 'get', function (key, callback) {","\t\t\t\tcallback(err);","\t\t\t});","\t\t\tbrute.prevent(req, res, nextSpy);","\t\t\tstoreErrorSpy.should.have.been.calledWithMatch({","\t\t\t\treq: req,","\t\t\t\tres: res,","\t\t\t\tnext: nextSpy,","\t\t\t\tmessage: 'Cannot get request count',","\t\t\t\tparent: err","\t\t\t});","\t\t\terrorSpy.should.not.have.been.called;","\t\t\tnextSpy.should.not.have.been.called;","\t\t});","\t\tit('should handle set errors', function () {","\t\t\tsinon.stub(store, 'set', function (key, value, lifetime, callback) {","\t\t\t\tcallback(err);","\t\t\t});","\t\t\tbrute.prevent(req, res, nextSpy);","\t\t\tstoreErrorSpy.should.have.been.calledWithMatch({","\t\t\t\treq: req,","\t\t\t\tres: res,","\t\t\t\tnext: nextSpy,","\t\t\t\tmessage: 'Cannot increment request count',","\t\t\t\tparent: err","\t\t\t});","\t\t\terrorSpy.should.not.have.been.called;","\t\t\tnextSpy.should.not.have.been.called;","\t\t});","\t\tit('should handle reset errors', function () {","\t\t\tsinon.stub(store, 'reset', function (key, callback) {","\t\t\t\tcallback(err);","\t\t\t});","\t\t\tvar key = 'testKey';","\t\t\tbrute.reset('1.2.3.4', key, nextSpy);","\t\t\tstoreErrorSpy.should.have.been.calledWithMatch({","\t\t\t\tmessage: \"Cannot reset request count\",","\t\t\t\tparent: err,","\t\t\t\tkey: ExpressBrute._getKey(['1.2.3.4', brute.name, key]),","\t\t\t\tip: '1.2.3.4'","\t\t\t});","\t\t\terrorSpy.should.not.have.been.called;","\t\t\tnextSpy.should.not.have.been.called;","\t\t});","\t\tit('should throw an exception by default', function () {","\t\t\tbrute = new ExpressBrute(store, {","\t\t\t\tfreeRetries: 0,","\t\t\t\tminWait: 10,","\t\t\t\tmaxWait: 100,","\t\t\t\tfailCallback: errorSpy","\t\t\t});","\t\t\tsinon.stub(store, 'get', function (key, callback) {","\t\t\t\tcallback(err);","\t\t\t});","\t\t\t(function () {","\t\t\t\tbrute.prevent(req, res, nextSpy);","\t\t\t}).should.throw({","\t\t\t\tmessage: 'Cannot get request count',","\t\t\t\tparent: err","\t\t\t});","\t\t\terrorSpy.should.not.have.been.called;","\t\t\tnextSpy.should.not.have.been.called;","\t\t});","\t});","\tdescribe('MemoryStore', function () {","\t\tit('supports timeouts of greater than 24.8 days (64 bit timeouts)', function () {","\t\t\tvar yearInSeconds = 60*60*24*365;","\t\t\tvar store = new ExpressBrute.MemoryStore();","\t\t\tvar errorSpy = sinon.stub();","\t\t\tvar nextSpy = sinon.stub();","\t\t\tvar req = function () { return { ip: '1.2.3.4' }; };","\t\t\tvar brute = new ExpressBrute(store, {","\t\t\t\tfreeRetries: 0,","\t\t\t\tminWait: (yearInSeconds+100)*1000,","\t\t\t\tmaxWait: (yearInSeconds+100)*1000,","\t\t\t\tlifetime: yearInSeconds,","\t\t\t\tfailCallback: errorSpy","\t\t\t});","\t\t\tbrute.prevent(req(), new ResponseMock(), nextSpy);","\t\t\terrorSpy.should.not.have.been.called;","\t\t\tclock.tick((brute.options.lifetime-100)*1000);","","\t\t\tbrute.prevent(req(), new ResponseMock(), nextSpy);","\t\t\terrorSpy.should.have.been.called;","","\t\t\tclock.tick(101*1000);","","\t\t\tbrute.prevent(req(), new ResponseMock(), nextSpy);","\t\t\terrorSpy.should.have.been.calledOnce;","\t\t});","\t});","});",""],"l":{"1":2,"8":0,"10":0,"11":0,"12":0,"13":0,"15":0,"16":0,"18":0,"19":0,"20":0,"22":0,"23":0,"24":0,"25":0,"28":0,"29":0,"30":0,"31":0,"32":0,"33":0,"34":0,"35":0,"36":0,"43":0,"44":0,"46":0,"47":0,"53":0,"54":0,"55":0,"56":0,"57":0,"59":0,"60":0,"66":0,"67":0,"68":0,"69":0,"70":0,"71":0,"73":0,"74":0,"80":0,"82":0,"83":0,"84":0,"85":0,"86":0,"88":0,"89":0,"90":0,"91":0,"92":0,"94":0,"96":0,"97":0,"98":0,"99":0,"100":0,"102":0,"103":0,"104":0,"105":0,"106":0,"107":0,"108":0,"109":0,"110":0,"112":0,"115":0,"116":0,"117":0,"118":0,"119":0,"120":0,"121":0,"122":0,"123":0,"124":0,"127":0,"128":0,"129":0,"130":0,"131":0,"132":0,"133":0,"136":0,"137":0,"138":0,"139":0,"140":0,"141":0,"142":0,"144":0,"145":0,"148":0,"149":0,"150":0,"151":0,"153":0,"155":0,"156":0,"157":0,"159":0,"160":0,"167":0,"168":0,"169":0,"171":0,"173":0,"176":0,"177":0,"178":0,"179":0,"180":0,"181":0,"183":0,"184":0,"190":0,"192":0,"193":0,"200":0,"201":0,"202":0,"203":0,"205":0,"207":0,"208":0,"210":0,"211":0,"219":0,"220":0,"221":0,"222":0,"224":0,"226":0,"227":0,"229":0,"231":0,"232":0,"234":0,"235":0,"242":0,"243":0,"245":0,"247":0,"248":0,"250":0,"252":0,"253":0,"255":0,"256":0,"263":0,"264":0,"268":0,"269":0,"270":0,"272":0,"273":0,"274":0,"277":0,"278":0,"279":0,"280":0,"281":0,"282":0,"283":0,"284":0,"291":0,"292":0,"293":0,"295":0,"296":0,"297":0,"298":0,"300":0,"301":0,"302":0,"303":0,"305":0,"306":0,"307":0,"312":0,"313":0,"315":0,"316":0,"317":0,"318":0,"319":0,"320":0,"322":0,"323":0,"324":0,"328":0,"329":0,"333":0,"334":0,"335":0,"336":0,"337":0,"339":0,"340":0,"342":0,"343":0,"344":0,"345":0,"346":0,"348":0,"349":0,"351":0,"352":0,"353":0,"354":0,"355":0,"357":0,"358":0,"359":0,"361":0,"362":0,"363":0,"366":0,"367":0,"368":0,"369":0,"370":0,"371":0,"372":0,"373":0,"374":0,"381":0,"389":0,"390":0,"391":0,"393":0,"394":0,"396":0,"397":0,"400":0,"401":0,"403":0,"404":0,"406":0,"407":0,"409":0,"410":0,"411":0,"413":0,"414":0,"415":0,"416":0,"417":0,"419":0,"420":0,"421":0,"422":0,"424":0,"425":0,"426":0,"427":0,"428":0,"431":0,"432":0,"441":0,"442":0,"444":0,"445":0,"446":0,"447":0,"448":0,"450":0,"451":0,"452":0,"453":0,"455":0,"456":0,"457":0,"458":0,"459":0,"463":0,"464":0,"465":0,"466":0,"467":0,"468":0,"471":0,"472":0,"473":0,"479":0,"480":0,"481":0,"482":0,"484":0,"485":0,"486":0,"492":0,"493":0,"494":0,"495":0,"497":0,"498":0,"499":0,"505":0,"506":0,"507":0,"508":0,"509":0,"510":0,"512":0,"513":0,"514":0,"520":0,"521":0,"522":0,"525":0,"526":0,"527":0,"528":0,"529":0,"530":0,"531":0,"532":0,"533":0,"534":0,"535":0,"543":0,"544":0,"545":0,"547":0,"548":0,"555":0,"556":0,"558":0,"559":0,"560":0,"562":0,"563":0,"570":0,"571":0,"573":0,"574":0,"575":0,"577":0,"578":0,"579":0,"585":0,"586":0,"588":0,"589":0,"595":0,"596":0,"598":0,"599":0,"604":0,"605":0,"608":0,"609":0,"610":0,"611":0,"612":0,"613":0,"614":0,"615":0,"622":0,"623":0,"624":0,"626":0,"627":0,"629":0,"631":0,"632":0}}}